2026-03-09 22:34:37.092 | INFO  [alembic.runtime.migration] Context impl PostgresqlImpl.
2026-03-09 22:34:37.093 | INFO  [alembic.runtime.migration] Will assume transactional DDL.
2026-03-09 22:34:39.472 | Traceback (most recent call last):
2026-03-09 22:34:39.472 |   File "/usr/local/bin/uvicorn", line 8, in <module>
2026-03-09 22:34:39.472 |     sys.exit(main())
2026-03-09 22:34:39.472 |              ^^^^^^
2026-03-09 22:34:39.472 |   File "/usr/local/lib/python3.12/site-packages/click/core.py", line 1485, in __call__
2026-03-09 22:34:39.473 |     return self.main(*args, **kwargs)
2026-03-09 22:34:39.473 |            ^^^^^^^^^^^^^^^^^^^^^^^^^^
2026-03-09 22:34:39.473 |   File "/usr/local/lib/python3.12/site-packages/click/core.py", line 1406, in main
2026-03-09 22:34:39.473 |     rv = self.invoke(ctx)
2026-03-09 22:34:39.473 |          ^^^^^^^^^^^^^^^^
2026-03-09 22:34:39.473 |   File "/usr/local/lib/python3.12/site-packages/click/core.py", line 1269, in invoke
2026-03-09 22:34:39.474 |     return ctx.invoke(self.callback, **ctx.params)
2026-03-09 22:34:39.475 |            ^^^^^^^^^^^^^^^^^^^^^^^^^^^^^^^^^^^^^^^
2026-03-09 22:34:39.475 |   File "/usr/local/lib/python3.12/site-packages/click/core.py", line 824, in invoke
2026-03-09 22:34:39.475 |     return callback(*args, **kwargs)
2026-03-09 22:34:39.475 |            ^^^^^^^^^^^^^^^^^^^^^^^^^
2026-03-09 22:34:39.475 |   File "/usr/local/lib/python3.12/site-packages/uvicorn/main.py", line 412, in main
2026-03-09 22:34:39.475 |     run(
2026-03-09 22:34:39.475 |   File "/usr/local/lib/python3.12/site-packages/uvicorn/main.py", line 579, in run
2026-03-09 22:34:39.475 |     server.run()
2026-03-09 22:34:39.475 |   File "/usr/local/lib/python3.12/site-packages/uvicorn/server.py", line 65, in run
2026-03-09 22:34:39.476 |     return asyncio.run(self.serve(sockets=sockets))
2026-03-09 22:34:39.476 |            ^^^^^^^^^^^^^^^^^^^^^^^^^^^^^^^^^^^^^^^^
2026-03-09 22:34:39.476 |   File "/usr/local/lib/python3.12/asyncio/runners.py", line 195, in run
2026-03-09 22:34:39.476 |     return runner.run(main)
2026-03-09 22:34:39.476 |            ^^^^^^^^^^^^^^^^
2026-03-09 22:34:39.476 |   File "/usr/local/lib/python3.12/asyncio/runners.py", line 118, in run
2026-03-09 22:34:39.476 |     return self._loop.run_until_complete(task)
2026-03-09 22:34:39.476 |            ^^^^^^^^^^^^^^^^^^^^^^^^^^^^^^^^^^^
2026-03-09 22:34:39.476 |   File "uvloop/loop.pyx", line 1518, in uvloop.loop.Loop.run_until_complete
2026-03-09 22:34:39.489 |   File "/usr/local/lib/python3.12/site-packages/uvicorn/server.py", line 69, in serve
2026-03-09 22:34:39.489 |     await self._serve(sockets)
2026-03-09 22:34:39.489 |   File "/usr/local/lib/python3.12/site-packages/uvicorn/server.py", line 76, in _serve
2026-03-09 22:34:39.489 |     config.load()
2026-03-09 22:34:39.489 |   File "/usr/local/lib/python3.12/site-packages/uvicorn/config.py", line 434, in load
2026-03-09 22:34:39.497 |     self.loaded_app = import_from_string(self.app)
2026-03-09 22:34:39.497 |                       ^^^^^^^^^^^^^^^^^^^^^^^^^^^^
2026-03-09 22:34:39.497 |   File "/usr/local/lib/python3.12/site-packages/uvicorn/importer.py", line 19, in import_from_string
2026-03-09 22:34:39.497 |     module = importlib.import_module(module_str)
2026-03-09 22:34:39.497 |              ^^^^^^^^^^^^^^^^^^^^^^^^^^^^^^^^^^^
2026-03-09 22:34:39.497 |   File "/usr/local/lib/python3.12/importlib/__init__.py", line 90, in import_module
2026-03-09 22:34:39.497 |     return _bootstrap._gcd_import(name[level:], package, level)
2026-03-09 22:34:39.497 |            ^^^^^^^^^^^^^^^^^^^^^^^^^^^^^^^^^^^^^^^^^^^^^^^^^^^^
2026-03-09 22:34:39.497 |   File "<frozen importlib._bootstrap>", line 1387, in _gcd_import
2026-03-09 22:34:39.497 |   File "<frozen importlib._bootstrap>", line 1360, in _find_and_load
2026-03-09 22:34:39.497 |   File "<frozen importlib._bootstrap>", line 1331, in _find_and_load_unlocked
2026-03-09 22:34:39.497 |   File "<frozen importlib._bootstrap>", line 935, in _load_unlocked
2026-03-09 22:34:39.497 |   File "<frozen importlib._bootstrap_external>", line 999, in exec_module
2026-03-09 22:34:39.497 |   File "<frozen importlib._bootstrap>", line 488, in _call_with_frames_removed
2026-03-09 22:34:39.497 |   File "/app/app/main.py", line 5, in <module>
2026-03-09 22:34:39.528 |     from app.api.v1 import auth, users, categories, products, sales, analytics, credits, settings as shop_settings_router, suppliers, supplier_debts
2026-03-09 22:34:39.528 |   File "/app/app/api/v1/suppliers.py", line 7, in <module>
2026-03-09 22:34:39.535 |     from app.api.v1.auth import get_current_active_user
2026-03-09 22:34:39.536 | ImportError: cannot import name 'get_current_active_user' from 'app.api.v1.auth' (/app/app/api/v1/auth.py)
2026-03-09 22:34:46.012 | INFO  [alembic.runtime.migration] Context impl PostgresqlImpl.
2026-03-09 22:34:46.012 | INFO  [alembic.runtime.migration] Will assume transactional DDL.
2026-03-09 22:34:48.701 | Traceback (most recent call last):
2026-03-09 22:34:48.701 |   File "/usr/local/bin/uvicorn", line 8, in <module>
2026-03-09 22:34:48.703 |     sys.exit(main())
2026-03-09 22:34:48.703 |              ^^^^^^
2026-03-09 22:34:48.703 |   File "/usr/local/lib/python3.12/site-packages/click/core.py", line 1485, in __call__
2026-03-09 22:34:48.703 |     return self.main(*args, **kwargs)
2026-03-09 22:34:48.703 |            ^^^^^^^^^^^^^^^^^^^^^^^^^^
2026-03-09 22:34:48.703 |   File "/usr/local/lib/python3.12/site-packages/click/core.py", line 1406, in main
2026-03-09 22:34:48.703 |     rv = self.invoke(ctx)
2026-03-09 22:34:48.703 |          ^^^^^^^^^^^^^^^^
2026-03-09 22:34:48.703 |   File "/usr/local/lib/python3.12/site-packages/click/core.py", line 1269, in invoke
2026-03-09 22:34:48.703 |     return ctx.invoke(self.callback, **ctx.params)
2026-03-09 22:34:48.703 |            ^^^^^^^^^^^^^^^^^^^^^^^^^^^^^^^^^^^^^^^
2026-03-09 22:34:48.703 |   File "/usr/local/lib/python3.12/site-packages/click/core.py", line 824, in invoke
2026-03-09 22:34:48.703 |     return callback(*args, **kwargs)
2026-03-09 22:34:48.703 |            ^^^^^^^^^^^^^^^^^^^^^^^^^
2026-03-09 22:34:48.703 |   File "/usr/local/lib/python3.12/site-packages/uvicorn/main.py", line 412, in main
2026-03-09 22:34:48.703 |     run(
2026-03-09 22:34:48.703 |   File "/usr/local/lib/python3.12/site-packages/uvicorn/main.py", line 579, in run
2026-03-09 22:34:48.703 |     server.run()
2026-03-09 22:34:48.703 |   File "/usr/local/lib/python3.12/site-packages/uvicorn/server.py", line 65, in run
2026-03-09 22:34:48.703 |     return asyncio.run(self.serve(sockets=sockets))
2026-03-09 22:34:48.703 |            ^^^^^^^^^^^^^^^^^^^^^^^^^^^^^^^^^^^^^^^^
2026-03-09 22:34:48.703 |   File "/usr/local/lib/python3.12/asyncio/runners.py", line 195, in run
2026-03-09 22:34:48.703 |     return runner.run(main)
2026-03-09 22:34:48.703 |            ^^^^^^^^^^^^^^^^
2026-03-09 22:34:48.703 |   File "/usr/local/lib/python3.12/asyncio/runners.py", line 118, in run
2026-03-09 22:34:48.703 |     return self._loop.run_until_complete(task)
2026-03-09 22:34:48.703 |            ^^^^^^^^^^^^^^^^^^^^^^^^^^^^^^^^^^^
2026-03-09 22:34:48.703 |   File "uvloop/loop.pyx", line 1518, in uvloop.loop.Loop.run_until_complete
2026-03-09 22:34:48.704 |   File "/usr/local/lib/python3.12/site-packages/uvicorn/server.py", line 69, in serve
2026-03-09 22:34:48.704 |     await self._serve(sockets)
2026-03-09 22:34:48.704 |   File "/usr/local/lib/python3.12/site-packages/uvicorn/server.py", line 76, in _serve
2026-03-09 22:34:48.705 |     config.load()
2026-03-09 22:34:48.705 |   File "/usr/local/lib/python3.12/site-packages/uvicorn/config.py", line 434, in load
2026-03-09 22:34:48.705 |     self.loaded_app = import_from_string(self.app)
2026-03-09 22:34:48.705 |                       ^^^^^^^^^^^^^^^^^^^^^^^^^^^^
2026-03-09 22:34:48.705 |   File "/usr/local/lib/python3.12/site-packages/uvicorn/importer.py", line 19, in import_from_string
2026-03-09 22:34:48.705 |     module = importlib.import_module(module_str)
2026-03-09 22:34:48.705 |              ^^^^^^^^^^^^^^^^^^^^^^^^^^^^^^^^^^^
2026-03-09 22:34:48.705 |   File "/usr/local/lib/python3.12/importlib/__init__.py", line 90, in import_module
2026-03-09 22:34:48.705 |     return _bootstrap._gcd_import(name[level:], package, level)
2026-03-09 22:34:48.705 |            ^^^^^^^^^^^^^^^^^^^^^^^^^^^^^^^^^^^^^^^^^^^^^^^^^^^^
2026-03-09 22:34:48.705 |   File "<frozen importlib._bootstrap>", line 1387, in _gcd_import
2026-03-09 22:34:48.705 |   File "<frozen importlib._bootstrap>", line 1360, in _find_and_load
2026-03-09 22:34:48.705 |   File "<frozen importlib._bootstrap>", line 1331, in _find_and_load_unlocked
2026-03-09 22:34:48.705 |   File "<frozen importlib._bootstrap>", line 935, in _load_unlocked
2026-03-09 22:34:48.705 |   File "<frozen importlib._bootstrap_external>", line 999, in exec_module
2026-03-09 22:34:48.705 |   File "<frozen importlib._bootstrap>", line 488, in _call_with_frames_removed
2026-03-09 22:34:48.705 |   File "/app/app/main.py", line 5, in <module>
2026-03-09 22:34:48.716 |     from app.api.v1 import auth, users, categories, products, sales, analytics, credits, settings as shop_settings_router, suppliers, supplier_debts
2026-03-09 22:34:48.716 |   File "/app/app/api/v1/suppliers.py", line 7, in <module>
2026-03-09 22:34:48.720 |     from app.api.v1.auth import get_current_active_user
2026-03-09 22:34:48.720 | ImportError: cannot import name 'get_current_active_user' from 'app.api.v1.auth' (/app/app/api/v1/auth.py)
2026-03-09 22:34:51.065 | INFO  [alembic.runtime.migration] Context impl PostgresqlImpl.
2026-03-09 22:34:51.065 | INFO  [alembic.runtime.migration] Will assume transactional DDL.
2026-03-09 22:34:54.963 | Traceback (most recent call last):
2026-03-09 22:34:54.963 |   File "/usr/local/bin/uvicorn", line 8, in <module>
2026-03-09 22:34:54.963 |     sys.exit(main())
2026-03-09 22:34:54.963 |              ^^^^^^
2026-03-09 22:34:54.963 |   File "/usr/local/lib/python3.12/site-packages/click/core.py", line 1485, in __call__
2026-03-09 22:34:54.964 |     return self.main(*args, **kwargs)
2026-03-09 22:34:54.964 |            ^^^^^^^^^^^^^^^^^^^^^^^^^^
2026-03-09 22:34:54.964 |   File "/usr/local/lib/python3.12/site-packages/click/core.py", line 1406, in main
2026-03-09 22:34:54.964 |     rv = self.invoke(ctx)
2026-03-09 22:34:54.964 |          ^^^^^^^^^^^^^^^^
2026-03-09 22:34:54.964 |   File "/usr/local/lib/python3.12/site-packages/click/core.py", line 1269, in invoke
2026-03-09 22:34:54.964 |     return ctx.invoke(self.callback, **ctx.params)
2026-03-09 22:34:54.965 |            ^^^^^^^^^^^^^^^^^^^^^^^^^^^^^^^^^^^^^^^
2026-03-09 22:34:54.965 |   File "/usr/local/lib/python3.12/site-packages/click/core.py", line 824, in invoke
2026-03-09 22:34:54.965 |     return callback(*args, **kwargs)
2026-03-09 22:34:54.965 |            ^^^^^^^^^^^^^^^^^^^^^^^^^
2026-03-09 22:34:54.965 |   File "/usr/local/lib/python3.12/site-packages/uvicorn/main.py", line 412, in main
2026-03-09 22:34:54.965 |     run(
2026-03-09 22:34:54.965 |   File "/usr/local/lib/python3.12/site-packages/uvicorn/main.py", line 579, in run
2026-03-09 22:34:54.965 |     server.run()
2026-03-09 22:34:54.965 |   File "/usr/local/lib/python3.12/site-packages/uvicorn/server.py", line 65, in run
2026-03-09 22:34:54.965 |     return asyncio.run(self.serve(sockets=sockets))
2026-03-09 22:34:54.965 |            ^^^^^^^^^^^^^^^^^^^^^^^^^^^^^^^^^^^^^^^^
2026-03-09 22:34:54.965 |   File "/usr/local/lib/python3.12/asyncio/runners.py", line 195, in run
2026-03-09 22:34:54.969 |     return runner.run(main)
2026-03-09 22:34:54.969 |            ^^^^^^^^^^^^^^^^
2026-03-09 22:34:54.969 |   File "/usr/local/lib/python3.12/asyncio/runners.py", line 118, in run
2026-03-09 22:34:54.969 |     return self._loop.run_until_complete(task)
2026-03-09 22:34:54.970 |            ^^^^^^^^^^^^^^^^^^^^^^^^^^^^^^^^^^^
2026-03-09 22:34:54.970 |   File "uvloop/loop.pyx", line 1518, in uvloop.loop.Loop.run_until_complete
2026-03-09 22:34:54.971 |   File "/usr/local/lib/python3.12/site-packages/uvicorn/server.py", line 69, in serve
2026-03-09 22:34:54.971 |     await self._serve(sockets)
2026-03-09 22:34:54.972 |   File "/usr/local/lib/python3.12/site-packages/uvicorn/server.py", line 76, in _serve
2026-03-09 22:34:54.972 |     config.load()
2026-03-09 22:34:54.972 |   File "/usr/local/lib/python3.12/site-packages/uvicorn/config.py", line 434, in load
2026-03-09 22:34:54.972 |     self.loaded_app = import_from_string(self.app)
2026-03-09 22:34:54.972 |                       ^^^^^^^^^^^^^^^^^^^^^^^^^^^^
2026-03-09 22:34:54.972 |   File "/usr/local/lib/python3.12/site-packages/uvicorn/importer.py", line 19, in import_from_string
2026-03-09 22:34:54.972 |     module = importlib.import_module(module_str)
2026-03-09 22:34:54.972 |              ^^^^^^^^^^^^^^^^^^^^^^^^^^^^^^^^^^^
2026-03-09 22:34:54.972 |   File "/usr/local/lib/python3.12/importlib/__init__.py", line 90, in import_module
2026-03-09 22:34:54.972 |     return _bootstrap._gcd_import(name[level:], package, level)
2026-03-09 22:34:54.972 |            ^^^^^^^^^^^^^^^^^^^^^^^^^^^^^^^^^^^^^^^^^^^^^^^^^^^^
2026-03-09 22:34:54.972 |   File "<frozen importlib._bootstrap>", line 1387, in _gcd_import
2026-03-09 22:34:54.972 |   File "<frozen importlib._bootstrap>", line 1360, in _find_and_load
2026-03-09 22:34:54.972 |   File "<frozen importlib._bootstrap>", line 1331, in _find_and_load_unlocked
2026-03-09 22:34:54.972 |   File "<frozen importlib._bootstrap>", line 935, in _load_unlocked
2026-03-09 22:34:54.972 |   File "<frozen importlib._bootstrap_external>", line 999, in exec_module
2026-03-09 22:34:54.972 |   File "<frozen importlib._bootstrap>", line 488, in _call_with_frames_removed
2026-03-09 22:34:54.972 |   File "/app/app/main.py", line 5, in <module>
2026-03-09 22:34:54.974 |     from app.api.v1 import auth, users, categories, products, sales, analytics, credits, settings as shop_settings_router, suppliers, supplier_debts
2026-03-09 22:34:54.974 |   File "/app/app/api/v1/suppliers.py", line 7, in <module>
2026-03-09 22:34:54.978 |     from app.api.v1.auth import get_current_active_user
2026-03-09 22:34:54.978 | ImportError: cannot import name 'get_current_active_user' from 'app.api.v1.auth' (/app/app/api/v1/auth.py)
2026-03-09 22:34:57.239 | INFO  [alembic.runtime.migration] Context impl PostgresqlImpl.
2026-03-09 22:34:57.239 | INFO  [alembic.runtime.migration] Will assume transactional DDL.
2026-03-09 22:34:59.996 | Traceback (most recent call last):
2026-03-09 22:34:59.996 |   File "/usr/local/bin/uvicorn", line 8, in <module>
2026-03-09 22:34:59.996 |     sys.exit(main())
2026-03-09 22:34:59.996 |              ^^^^^^
2026-03-09 22:34:59.996 |   File "/usr/local/lib/python3.12/site-packages/click/core.py", line 1485, in __call__
2026-03-09 22:34:59.997 |     return self.main(*args, **kwargs)
2026-03-09 22:34:59.997 |            ^^^^^^^^^^^^^^^^^^^^^^^^^^
2026-03-09 22:34:59.997 |   File "/usr/local/lib/python3.12/site-packages/click/core.py", line 1406, in main
2026-03-09 22:34:59.997 |     rv = self.invoke(ctx)
2026-03-09 22:34:59.997 |          ^^^^^^^^^^^^^^^^
2026-03-09 22:34:59.997 |   File "/usr/local/lib/python3.12/site-packages/click/core.py", line 1269, in invoke
2026-03-09 22:34:59.998 |     return ctx.invoke(self.callback, **ctx.params)
2026-03-09 22:34:59.998 |            ^^^^^^^^^^^^^^^^^^^^^^^^^^^^^^^^^^^^^^^
2026-03-09 22:34:59.998 |   File "/usr/local/lib/python3.12/site-packages/click/core.py", line 824, in invoke
2026-03-09 22:34:59.998 |     return callback(*args, **kwargs)
2026-03-09 22:34:59.998 |            ^^^^^^^^^^^^^^^^^^^^^^^^^
2026-03-09 22:34:59.998 |   File "/usr/local/lib/python3.12/site-packages/uvicorn/main.py", line 412, in main
2026-03-09 22:34:59.998 |     run(
2026-03-09 22:34:59.998 |   File "/usr/local/lib/python3.12/site-packages/uvicorn/main.py", line 579, in run
2026-03-09 22:34:59.998 |     server.run()
2026-03-09 22:34:59.998 |   File "/usr/local/lib/python3.12/site-packages/uvicorn/server.py", line 65, in run
2026-03-09 22:34:59.999 |     return asyncio.run(self.serve(sockets=sockets))
2026-03-09 22:34:59.999 |            ^^^^^^^^^^^^^^^^^^^^^^^^^^^^^^^^^^^^^^^^
2026-03-09 22:34:59.999 |   File "/usr/local/lib/python3.12/asyncio/runners.py", line 195, in run
2026-03-09 22:34:59.999 |     return runner.run(main)
2026-03-09 22:34:59.999 |            ^^^^^^^^^^^^^^^^
2026-03-09 22:34:59.999 |   File "/usr/local/lib/python3.12/asyncio/runners.py", line 118, in run
2026-03-09 22:34:59.999 |     return self._loop.run_until_complete(task)
2026-03-09 22:34:59.999 |            ^^^^^^^^^^^^^^^^^^^^^^^^^^^^^^^^^^^
2026-03-09 22:34:59.999 |   File "uvloop/loop.pyx", line 1518, in uvloop.loop.Loop.run_until_complete
2026-03-09 22:35:00.000 |   File "/usr/local/lib/python3.12/site-packages/uvicorn/server.py", line 69, in serve
2026-03-09 22:35:00.000 |     await self._serve(sockets)
2026-03-09 22:35:00.000 |   File "/usr/local/lib/python3.12/site-packages/uvicorn/server.py", line 76, in _serve
2026-03-09 22:35:00.000 |     config.load()
2026-03-09 22:35:00.000 |   File "/usr/local/lib/python3.12/site-packages/uvicorn/config.py", line 434, in load
2026-03-09 22:35:00.000 |     self.loaded_app = import_from_string(self.app)
2026-03-09 22:35:00.001 |                       ^^^^^^^^^^^^^^^^^^^^^^^^^^^^
2026-03-09 22:35:00.001 |   File "/usr/local/lib/python3.12/site-packages/uvicorn/importer.py", line 19, in import_from_string
2026-03-09 22:35:00.001 |     module = importlib.import_module(module_str)
2026-03-09 22:35:00.001 |              ^^^^^^^^^^^^^^^^^^^^^^^^^^^^^^^^^^^
2026-03-09 22:35:00.001 |   File "/usr/local/lib/python3.12/importlib/__init__.py", line 90, in import_module
2026-03-09 22:35:00.001 |     return _bootstrap._gcd_import(name[level:], package, level)
2026-03-09 22:35:00.001 |            ^^^^^^^^^^^^^^^^^^^^^^^^^^^^^^^^^^^^^^^^^^^^^^^^^^^^
2026-03-09 22:35:00.001 |   File "<frozen importlib._bootstrap>", line 1387, in _gcd_import
2026-03-09 22:35:00.001 |   File "<frozen importlib._bootstrap>", line 1360, in _find_and_load
2026-03-09 22:35:00.001 |   File "<frozen importlib._bootstrap>", line 1331, in _find_and_load_unlocked
2026-03-09 22:35:00.001 |   File "<frozen importlib._bootstrap>", line 935, in _load_unlocked
2026-03-09 22:35:00.001 |   File "<frozen importlib._bootstrap_external>", line 999, in exec_module
2026-03-09 22:35:00.001 |   File "<frozen importlib._bootstrap>", line 488, in _call_with_frames_removed
2026-03-09 22:35:00.001 |   File "/app/app/main.py", line 5, in <module>
2026-03-09 22:35:00.005 |     from app.api.v1 import auth, users, categories, products, sales, analytics, credits, settings as shop_settings_router, suppliers, supplier_debts
2026-03-09 22:35:00.006 |   File "/app/app/api/v1/suppliers.py", line 7, in <module>
2026-03-09 22:35:00.013 |     from app.api.v1.auth import get_current_active_user
2026-03-09 22:35:00.013 | ImportError: cannot import name 'get_current_active_user' from 'app.api.v1.auth' (/app/app/api/v1/auth.py)
2026-03-09 22:35:04.047 | INFO  [alembic.runtime.migration] Context impl PostgresqlImpl.
2026-03-09 22:35:04.047 | INFO  [alembic.runtime.migration] Will assume transactional DDL.
2026-03-09 22:35:07.438 | Traceback (most recent call last):
2026-03-09 22:35:07.438 |   File "/usr/local/bin/uvicorn", line 8, in <module>
2026-03-09 22:35:07.438 |     sys.exit(main())
2026-03-09 22:35:07.438 |              ^^^^^^
2026-03-09 22:35:07.439 |   File "/usr/local/lib/python3.12/site-packages/click/core.py", line 1485, in __call__
2026-03-09 22:35:07.439 |     return self.main(*args, **kwargs)
2026-03-09 22:35:07.439 |            ^^^^^^^^^^^^^^^^^^^^^^^^^^
2026-03-09 22:35:07.439 |   File "/usr/local/lib/python3.12/site-packages/click/core.py", line 1406, in main
2026-03-09 22:35:07.439 |     rv = self.invoke(ctx)
2026-03-09 22:35:07.439 |          ^^^^^^^^^^^^^^^^
2026-03-09 22:35:07.439 |   File "/usr/local/lib/python3.12/site-packages/click/core.py", line 1269, in invoke
2026-03-09 22:35:07.440 |     return ctx.invoke(self.callback, **ctx.params)
2026-03-09 22:35:07.440 |            ^^^^^^^^^^^^^^^^^^^^^^^^^^^^^^^^^^^^^^^
2026-03-09 22:35:07.441 |   File "/usr/local/lib/python3.12/site-packages/click/core.py", line 824, in invoke
2026-03-09 22:35:07.441 |     return callback(*args, **kwargs)
2026-03-09 22:35:07.441 |            ^^^^^^^^^^^^^^^^^^^^^^^^^
2026-03-09 22:35:07.441 |   File "/usr/local/lib/python3.12/site-packages/uvicorn/main.py", line 412, in main
2026-03-09 22:35:07.441 |     run(
2026-03-09 22:35:07.441 |   File "/usr/local/lib/python3.12/site-packages/uvicorn/main.py", line 579, in run
2026-03-09 22:35:07.441 |     server.run()
2026-03-09 22:35:07.441 |   File "/usr/local/lib/python3.12/site-packages/uvicorn/server.py", line 65, in run
2026-03-09 22:35:07.441 |     return asyncio.run(self.serve(sockets=sockets))
2026-03-09 22:35:07.441 |            ^^^^^^^^^^^^^^^^^^^^^^^^^^^^^^^^^^^^^^^^
2026-03-09 22:35:07.441 |   File "/usr/local/lib/python3.12/asyncio/runners.py", line 195, in run
2026-03-09 22:35:07.441 |     return runner.run(main)
2026-03-09 22:35:07.441 |            ^^^^^^^^^^^^^^^^
2026-03-09 22:35:07.441 |   File "/usr/local/lib/python3.12/asyncio/runners.py", line 118, in run
2026-03-09 22:35:07.441 |     return self._loop.run_until_complete(task)
2026-03-09 22:35:07.441 |            ^^^^^^^^^^^^^^^^^^^^^^^^^^^^^^^^^^^
2026-03-09 22:35:07.441 |   File "uvloop/loop.pyx", line 1518, in uvloop.loop.Loop.run_until_complete
2026-03-09 22:35:07.442 |   File "/usr/local/lib/python3.12/site-packages/uvicorn/server.py", line 69, in serve
2026-03-09 22:35:07.442 |     await self._serve(sockets)
2026-03-09 22:35:07.442 |   File "/usr/local/lib/python3.12/site-packages/uvicorn/server.py", line 76, in _serve
2026-03-09 22:35:07.443 |     config.load()
2026-03-09 22:35:07.443 |   File "/usr/local/lib/python3.12/site-packages/uvicorn/config.py", line 434, in load
2026-03-09 22:35:07.443 |     self.loaded_app = import_from_string(self.app)
2026-03-09 22:35:07.443 |                       ^^^^^^^^^^^^^^^^^^^^^^^^^^^^
2026-03-09 22:35:07.443 |   File "/usr/local/lib/python3.12/site-packages/uvicorn/importer.py", line 19, in import_from_string
2026-03-09 22:35:07.443 |     module = importlib.import_module(module_str)
2026-03-09 22:35:07.443 |              ^^^^^^^^^^^^^^^^^^^^^^^^^^^^^^^^^^^
2026-03-09 22:35:07.443 |   File "/usr/local/lib/python3.12/importlib/__init__.py", line 90, in import_module
2026-03-09 22:35:07.443 |     return _bootstrap._gcd_import(name[level:], package, level)
2026-03-09 22:35:07.443 |            ^^^^^^^^^^^^^^^^^^^^^^^^^^^^^^^^^^^^^^^^^^^^^^^^^^^^
2026-03-09 22:35:07.443 |   File "<frozen importlib._bootstrap>", line 1387, in _gcd_import
2026-03-09 22:35:07.443 |   File "<frozen importlib._bootstrap>", line 1360, in _find_and_load
2026-03-09 22:35:07.443 |   File "<frozen importlib._bootstrap>", line 1331, in _find_and_load_unlocked
2026-03-09 22:35:07.443 |   File "<frozen importlib._bootstrap>", line 935, in _load_unlocked
2026-03-09 22:35:07.443 |   File "<frozen importlib._bootstrap_external>", line 999, in exec_module
2026-03-09 22:35:07.443 |   File "<frozen importlib._bootstrap>", line 488, in _call_with_frames_removed
2026-03-09 22:35:07.443 |   File "/app/app/main.py", line 5, in <module>
2026-03-09 22:35:07.533 |     from app.api.v1 import auth, users, categories, products, sales, analytics, credits, settings as shop_settings_router, suppliers, supplier_debts
2026-03-09 22:35:07.533 |   File "/app/app/api/v1/suppliers.py", line 7, in <module>
2026-03-09 22:35:07.657 |     from app.api.v1.auth import get_current_active_user
2026-03-09 22:35:07.660 | ImportError: cannot import name 'get_current_active_user' from 'app.api.v1.auth' (/app/app/api/v1/auth.py)
2026-03-09 22:35:11.323 | INFO  [alembic.runtime.migration] Context impl PostgresqlImpl.
2026-03-09 22:35:11.323 | INFO  [alembic.runtime.migration] Will assume transactional DDL.
2026-03-09 22:35:27.169 | Traceback (most recent call last):
2026-03-09 22:35:27.169 |   File "/usr/local/bin/uvicorn", line 8, in <module>
2026-03-09 22:35:27.169 |     sys.exit(main())
2026-03-09 22:35:27.169 |              ^^^^^^
2026-03-09 22:35:27.169 |   File "/usr/local/lib/python3.12/site-packages/click/core.py", line 1485, in __call__
2026-03-09 22:35:27.169 |     return self.main(*args, **kwargs)
2026-03-09 22:35:27.171 |            ^^^^^^^^^^^^^^^^^^^^^^^^^^
2026-03-09 22:35:27.171 |   File "/usr/local/lib/python3.12/site-packages/click/core.py", line 1406, in main
2026-03-09 22:35:27.171 |     rv = self.invoke(ctx)
2026-03-09 22:35:27.171 |          ^^^^^^^^^^^^^^^^
2026-03-09 22:35:27.171 |   File "/usr/local/lib/python3.12/site-packages/click/core.py", line 1269, in invoke
2026-03-09 22:35:27.171 |     return ctx.invoke(self.callback, **ctx.params)
2026-03-09 22:35:27.171 |            ^^^^^^^^^^^^^^^^^^^^^^^^^^^^^^^^^^^^^^^
2026-03-09 22:35:27.171 |   File "/usr/local/lib/python3.12/site-packages/click/core.py", line 824, in invoke
2026-03-09 22:35:27.171 |     return callback(*args, **kwargs)
2026-03-09 22:35:27.171 |            ^^^^^^^^^^^^^^^^^^^^^^^^^
2026-03-09 22:35:27.171 |   File "/usr/local/lib/python3.12/site-packages/uvicorn/main.py", line 412, in main
2026-03-09 22:35:27.171 |     run(
2026-03-09 22:35:27.171 |   File "/usr/local/lib/python3.12/site-packages/uvicorn/main.py", line 579, in run
2026-03-09 22:35:27.171 |     server.run()
2026-03-09 22:35:27.171 |   File "/usr/local/lib/python3.12/site-packages/uvicorn/server.py", line 65, in run
2026-03-09 22:35:27.171 |     return asyncio.run(self.serve(sockets=sockets))
2026-03-09 22:35:27.171 |            ^^^^^^^^^^^^^^^^^^^^^^^^^^^^^^^^^^^^^^^^
2026-03-09 22:35:27.171 |   File "/usr/local/lib/python3.12/asyncio/runners.py", line 195, in run
2026-03-09 22:35:27.171 |     return runner.run(main)
2026-03-09 22:35:27.171 |            ^^^^^^^^^^^^^^^^
2026-03-09 22:35:27.171 |   File "/usr/local/lib/python3.12/asyncio/runners.py", line 118, in run
2026-03-09 22:35:27.171 |     return self._loop.run_until_complete(task)
2026-03-09 22:35:27.171 |            ^^^^^^^^^^^^^^^^^^^^^^^^^^^^^^^^^^^
2026-03-09 22:35:27.171 |   File "uvloop/loop.pyx", line 1518, in uvloop.loop.Loop.run_until_complete
2026-03-09 22:35:27.172 |   File "/usr/local/lib/python3.12/site-packages/uvicorn/server.py", line 69, in serve
2026-03-09 22:35:27.173 |     await self._serve(sockets)
2026-03-09 22:35:27.173 |   File "/usr/local/lib/python3.12/site-packages/uvicorn/server.py", line 76, in _serve
2026-03-09 22:35:27.173 |     config.load()
2026-03-09 22:35:27.173 |   File "/usr/local/lib/python3.12/site-packages/uvicorn/config.py", line 434, in load
2026-03-09 22:35:27.173 |     self.loaded_app = import_from_string(self.app)
2026-03-09 22:35:27.173 |                       ^^^^^^^^^^^^^^^^^^^^^^^^^^^^
2026-03-09 22:35:27.173 |   File "/usr/local/lib/python3.12/site-packages/uvicorn/importer.py", line 19, in import_from_string
2026-03-09 22:35:27.173 |     module = importlib.import_module(module_str)
2026-03-09 22:35:27.173 |              ^^^^^^^^^^^^^^^^^^^^^^^^^^^^^^^^^^^
2026-03-09 22:35:27.173 |   File "/usr/local/lib/python3.12/importlib/__init__.py", line 90, in import_module
2026-03-09 22:35:27.173 |     return _bootstrap._gcd_import(name[level:], package, level)
2026-03-09 22:35:27.173 |            ^^^^^^^^^^^^^^^^^^^^^^^^^^^^^^^^^^^^^^^^^^^^^^^^^^^^
2026-03-09 22:35:27.173 |   File "<frozen importlib._bootstrap>", line 1387, in _gcd_import
2026-03-09 22:35:27.173 |   File "<frozen importlib._bootstrap>", line 1360, in _find_and_load
2026-03-09 22:35:27.173 |   File "<frozen importlib._bootstrap>", line 1331, in _find_and_load_unlocked
2026-03-09 22:35:27.173 |   File "<frozen importlib._bootstrap>", line 935, in _load_unlocked
2026-03-09 22:35:27.173 |   File "<frozen importlib._bootstrap_external>", line 999, in exec_module
2026-03-09 22:35:27.173 |   File "<frozen importlib._bootstrap>", line 488, in _call_with_frames_removed
2026-03-09 22:35:27.173 |   File "/app/app/main.py", line 5, in <module>
2026-03-09 22:35:27.178 |     from app.api.v1 import auth, users, categories, products, sales, analytics, credits, settings as shop_settings_router, suppliers, supplier_debts
2026-03-09 22:35:27.178 |   File "/app/app/api/v1/suppliers.py", line 7, in <module>
2026-03-09 22:35:27.202 |     from app.api.v1.auth import get_current_active_user
2026-03-09 22:35:27.202 | ImportError: cannot import name 'get_current_active_user' from 'app.api.v1.auth' (/app/app/api/v1/auth.py)
2026-03-09 22:35:37.881 | INFO  [alembic.runtime.migration] Context impl PostgresqlImpl.
2026-03-09 22:35:37.881 | INFO  [alembic.runtime.migration] Will assume transactional DDL.
2026-03-09 22:35:51.256 | Traceback (most recent call last):
2026-03-09 22:35:51.256 |   File "/usr/local/bin/uvicorn", line 8, in <module>
2026-03-09 22:35:51.256 |     sys.exit(main())
2026-03-09 22:35:51.256 |              ^^^^^^
2026-03-09 22:35:51.256 |   File "/usr/local/lib/python3.12/site-packages/click/core.py", line 1485, in __call__
2026-03-09 22:35:51.257 |     return self.main(*args, **kwargs)
2026-03-09 22:35:51.257 |            ^^^^^^^^^^^^^^^^^^^^^^^^^^
2026-03-09 22:35:51.257 |   File "/usr/local/lib/python3.12/site-packages/click/core.py", line 1406, in main
2026-03-09 22:35:51.257 |     rv = self.invoke(ctx)
2026-03-09 22:35:51.257 |          ^^^^^^^^^^^^^^^^
2026-03-09 22:35:51.257 |   File "/usr/local/lib/python3.12/site-packages/click/core.py", line 1269, in invoke
2026-03-09 22:35:51.257 |     return ctx.invoke(self.callback, **ctx.params)
2026-03-09 22:35:51.257 |            ^^^^^^^^^^^^^^^^^^^^^^^^^^^^^^^^^^^^^^^
2026-03-09 22:35:51.257 |   File "/usr/local/lib/python3.12/site-packages/click/core.py", line 824, in invoke
2026-03-09 22:35:51.258 |     return callback(*args, **kwargs)
2026-03-09 22:35:51.258 |            ^^^^^^^^^^^^^^^^^^^^^^^^^
2026-03-09 22:35:51.258 |   File "/usr/local/lib/python3.12/site-packages/uvicorn/main.py", line 412, in main
2026-03-09 22:35:51.258 |     run(
2026-03-09 22:35:51.258 |   File "/usr/local/lib/python3.12/site-packages/uvicorn/main.py", line 579, in run
2026-03-09 22:35:51.267 |     server.run()
2026-03-09 22:35:51.267 |   File "/usr/local/lib/python3.12/site-packages/uvicorn/server.py", line 65, in run
2026-03-09 22:35:51.267 |     return asyncio.run(self.serve(sockets=sockets))
2026-03-09 22:35:51.267 |            ^^^^^^^^^^^^^^^^^^^^^^^^^^^^^^^^^^^^^^^^
2026-03-09 22:35:51.267 |   File "/usr/local/lib/python3.12/asyncio/runners.py", line 195, in run
2026-03-09 22:35:51.267 |     return runner.run(main)
2026-03-09 22:35:51.267 |            ^^^^^^^^^^^^^^^^
2026-03-09 22:35:51.267 |   File "/usr/local/lib/python3.12/asyncio/runners.py", line 118, in run
2026-03-09 22:35:51.267 |     return self._loop.run_until_complete(task)
2026-03-09 22:35:51.267 |            ^^^^^^^^^^^^^^^^^^^^^^^^^^^^^^^^^^^
2026-03-09 22:35:51.267 |   File "uvloop/loop.pyx", line 1518, in uvloop.loop.Loop.run_until_complete
2026-03-09 22:35:51.268 |   File "/usr/local/lib/python3.12/site-packages/uvicorn/server.py", line 69, in serve
2026-03-09 22:35:51.268 |     await self._serve(sockets)
2026-03-09 22:35:51.268 |   File "/usr/local/lib/python3.12/site-packages/uvicorn/server.py", line 76, in _serve
2026-03-09 22:35:51.269 |     config.load()
2026-03-09 22:35:51.269 |   File "/usr/local/lib/python3.12/site-packages/uvicorn/config.py", line 434, in load
2026-03-09 22:35:51.269 |     self.loaded_app = import_from_string(self.app)
2026-03-09 22:35:51.269 |                       ^^^^^^^^^^^^^^^^^^^^^^^^^^^^
2026-03-09 22:35:51.269 |   File "/usr/local/lib/python3.12/site-packages/uvicorn/importer.py", line 19, in import_from_string
2026-03-09 22:35:51.269 |     module = importlib.import_module(module_str)
2026-03-09 22:35:51.269 |              ^^^^^^^^^^^^^^^^^^^^^^^^^^^^^^^^^^^
2026-03-09 22:35:51.269 |   File "/usr/local/lib/python3.12/importlib/__init__.py", line 90, in import_module
2026-03-09 22:35:51.269 |     return _bootstrap._gcd_import(name[level:], package, level)
2026-03-09 22:35:51.269 |            ^^^^^^^^^^^^^^^^^^^^^^^^^^^^^^^^^^^^^^^^^^^^^^^^^^^^
2026-03-09 22:35:51.269 |   File "<frozen importlib._bootstrap>", line 1387, in _gcd_import
2026-03-09 22:35:51.269 |   File "<frozen importlib._bootstrap>", line 1360, in _find_and_load
2026-03-09 22:35:51.269 |   File "<frozen importlib._bootstrap>", line 1331, in _find_and_load_unlocked
2026-03-09 22:35:51.269 |   File "<frozen importlib._bootstrap>", line 935, in _load_unlocked
2026-03-09 22:35:51.269 |   File "<frozen importlib._bootstrap_external>", line 999, in exec_module
2026-03-09 22:35:51.269 |   File "<frozen importlib._bootstrap>", line 488, in _call_with_frames_removed
2026-03-09 22:35:51.269 |   File "/app/app/main.py", line 5, in <module>
2026-03-09 22:35:51.283 |     from app.api.v1 import auth, users, categories, products, sales, analytics, credits, settings as shop_settings_router, suppliers, supplier_debts
2026-03-09 22:35:51.283 |   File "/app/app/api/v1/suppliers.py", line 7, in <module>
2026-03-09 22:35:51.288 |     from app.api.v1.auth import get_current_active_user
2026-03-09 22:35:51.288 | ImportError: cannot import name 'get_current_active_user' from 'app.api.v1.auth' (/app/app/api/v1/auth.py)
2026-03-09 22:36:00.746 | INFO  [alembic.runtime.migration] Context impl PostgresqlImpl.
2026-03-09 22:36:00.746 | INFO  [alembic.runtime.migration] Will assume transactional DDL.
2026-03-09 22:36:21.825 | Traceback (most recent call last):
2026-03-09 22:36:21.825 |   File "/usr/local/bin/uvicorn", line 8, in <module>
2026-03-09 22:36:21.825 |     sys.exit(main())
2026-03-09 22:36:21.825 |              ^^^^^^
2026-03-09 22:36:21.825 |   File "/usr/local/lib/python3.12/site-packages/click/core.py", line 1485, in __call__
2026-03-09 22:36:21.825 |     return self.main(*args, **kwargs)
2026-03-09 22:36:21.825 |            ^^^^^^^^^^^^^^^^^^^^^^^^^^
2026-03-09 22:36:21.825 |   File "/usr/local/lib/python3.12/site-packages/click/core.py", line 1406, in main
2026-03-09 22:36:21.826 |     rv = self.invoke(ctx)
2026-03-09 22:36:21.826 |          ^^^^^^^^^^^^^^^^
2026-03-09 22:36:21.826 |   File "/usr/local/lib/python3.12/site-packages/click/core.py", line 1269, in invoke
2026-03-09 22:36:21.826 |     return ctx.invoke(self.callback, **ctx.params)
2026-03-09 22:36:21.826 |            ^^^^^^^^^^^^^^^^^^^^^^^^^^^^^^^^^^^^^^^
2026-03-09 22:36:21.826 |   File "/usr/local/lib/python3.12/site-packages/click/core.py", line 824, in invoke
2026-03-09 22:36:21.826 |     return callback(*args, **kwargs)
2026-03-09 22:36:21.826 |            ^^^^^^^^^^^^^^^^^^^^^^^^^
2026-03-09 22:36:21.826 |   File "/usr/local/lib/python3.12/site-packages/uvicorn/main.py", line 412, in main
2026-03-09 22:36:21.827 |     run(
2026-03-09 22:36:21.827 |   File "/usr/local/lib/python3.12/site-packages/uvicorn/main.py", line 579, in run
2026-03-09 22:36:21.827 |     server.run()
2026-03-09 22:36:21.827 |   File "/usr/local/lib/python3.12/site-packages/uvicorn/server.py", line 65, in run
2026-03-09 22:36:21.827 |     return asyncio.run(self.serve(sockets=sockets))
2026-03-09 22:36:21.827 |            ^^^^^^^^^^^^^^^^^^^^^^^^^^^^^^^^^^^^^^^^
2026-03-09 22:36:21.827 |   File "/usr/local/lib/python3.12/asyncio/runners.py", line 195, in run
2026-03-09 22:36:21.827 |     return runner.run(main)
2026-03-09 22:36:21.827 |            ^^^^^^^^^^^^^^^^
2026-03-09 22:36:21.827 |   File "/usr/local/lib/python3.12/asyncio/runners.py", line 118, in run
2026-03-09 22:36:21.827 |     return self._loop.run_until_complete(task)
2026-03-09 22:36:21.827 |            ^^^^^^^^^^^^^^^^^^^^^^^^^^^^^^^^^^^
2026-03-09 22:36:21.827 |   File "uvloop/loop.pyx", line 1518, in uvloop.loop.Loop.run_until_complete
2026-03-09 22:36:21.829 |   File "/usr/local/lib/python3.12/site-packages/uvicorn/server.py", line 69, in serve
2026-03-09 22:36:21.829 |     await self._serve(sockets)
2026-03-09 22:36:21.829 |   File "/usr/local/lib/python3.12/site-packages/uvicorn/server.py", line 76, in _serve
2026-03-09 22:36:21.829 |     config.load()
2026-03-09 22:36:21.829 |   File "/usr/local/lib/python3.12/site-packages/uvicorn/config.py", line 434, in load
2026-03-09 22:36:21.829 |     self.loaded_app = import_from_string(self.app)
2026-03-09 22:36:21.829 |                       ^^^^^^^^^^^^^^^^^^^^^^^^^^^^
2026-03-09 22:36:21.829 |   File "/usr/local/lib/python3.12/site-packages/uvicorn/importer.py", line 19, in import_from_string
2026-03-09 22:36:21.829 |     module = importlib.import_module(module_str)
2026-03-09 22:36:21.829 |              ^^^^^^^^^^^^^^^^^^^^^^^^^^^^^^^^^^^
2026-03-09 22:36:21.829 |   File "/usr/local/lib/python3.12/importlib/__init__.py", line 90, in import_module
2026-03-09 22:36:21.829 |     return _bootstrap._gcd_import(name[level:], package, level)
2026-03-09 22:36:21.829 |            ^^^^^^^^^^^^^^^^^^^^^^^^^^^^^^^^^^^^^^^^^^^^^^^^^^^^
2026-03-09 22:36:21.829 |   File "<frozen importlib._bootstrap>", line 1387, in _gcd_import
2026-03-09 22:36:21.829 |   File "<frozen importlib._bootstrap>", line 1360, in _find_and_load
2026-03-09 22:36:21.829 |   File "<frozen importlib._bootstrap>", line 1331, in _find_and_load_unlocked
2026-03-09 22:36:21.829 |   File "<frozen importlib._bootstrap>", line 935, in _load_unlocked
2026-03-09 22:36:21.829 |   File "<frozen importlib._bootstrap_external>", line 999, in exec_module
2026-03-09 22:36:21.829 |   File "<frozen importlib._bootstrap>", line 488, in _call_with_frames_removed
2026-03-09 22:36:21.829 |   File "/app/app/main.py", line 5, in <module>
2026-03-09 22:36:21.925 |     from app.api.v1 import auth, users, categories, products, sales, analytics, credits, settings as shop_settings_router, suppliers, supplier_debts
2026-03-09 22:36:21.925 |   File "/app/app/api/v1/suppliers.py", line 7, in <module>
2026-03-09 22:36:21.953 |     from app.api.v1.auth import get_current_active_user
2026-03-09 22:36:21.953 | ImportError: cannot import name 'get_current_active_user' from 'app.api.v1.auth' (/app/app/api/v1/auth.py)
2026-03-09 22:36:35.291 | INFO  [alembic.runtime.migration] Context impl PostgresqlImpl.
2026-03-09 22:36:35.291 | INFO  [alembic.runtime.migration] Will assume transactional DDL.
2026-03-09 22:36:51.635 | Traceback (most recent call last):
2026-03-09 22:36:51.635 |   File "/usr/local/bin/uvicorn", line 8, in <module>
2026-03-09 22:36:51.635 |     sys.exit(main())
2026-03-09 22:36:51.635 |              ^^^^^^
2026-03-09 22:36:51.635 |   File "/usr/local/lib/python3.12/site-packages/click/core.py", line 1485, in __call__
2026-03-09 22:36:51.635 |     return self.main(*args, **kwargs)
2026-03-09 22:36:51.635 |            ^^^^^^^^^^^^^^^^^^^^^^^^^^
2026-03-09 22:36:51.635 |   File "/usr/local/lib/python3.12/site-packages/click/core.py", line 1406, in main
2026-03-09 22:36:51.636 |     rv = self.invoke(ctx)
2026-03-09 22:36:51.636 |          ^^^^^^^^^^^^^^^^
2026-03-09 22:36:51.636 |   File "/usr/local/lib/python3.12/site-packages/click/core.py", line 1269, in invoke
2026-03-09 22:36:51.636 |     return ctx.invoke(self.callback, **ctx.params)
2026-03-09 22:36:51.636 |            ^^^^^^^^^^^^^^^^^^^^^^^^^^^^^^^^^^^^^^^
2026-03-09 22:36:51.636 |   File "/usr/local/lib/python3.12/site-packages/click/core.py", line 824, in invoke
2026-03-09 22:36:51.636 |     return callback(*args, **kwargs)
2026-03-09 22:36:51.636 |            ^^^^^^^^^^^^^^^^^^^^^^^^^
2026-03-09 22:36:51.636 |   File "/usr/local/lib/python3.12/site-packages/uvicorn/main.py", line 412, in main
2026-03-09 22:36:51.637 |     run(
2026-03-09 22:36:51.637 |   File "/usr/local/lib/python3.12/site-packages/uvicorn/main.py", line 579, in run
2026-03-09 22:36:51.637 |     server.run()
2026-03-09 22:36:51.637 |   File "/usr/local/lib/python3.12/site-packages/uvicorn/server.py", line 65, in run
2026-03-09 22:36:51.637 |     return asyncio.run(self.serve(sockets=sockets))
2026-03-09 22:36:51.637 |            ^^^^^^^^^^^^^^^^^^^^^^^^^^^^^^^^^^^^^^^^
2026-03-09 22:36:51.637 |   File "/usr/local/lib/python3.12/asyncio/runners.py", line 195, in run
2026-03-09 22:36:51.637 |     return runner.run(main)
2026-03-09 22:36:51.637 |            ^^^^^^^^^^^^^^^^
2026-03-09 22:36:51.637 |   File "/usr/local/lib/python3.12/asyncio/runners.py", line 118, in run
2026-03-09 22:36:51.637 |     return self._loop.run_until_complete(task)
2026-03-09 22:36:51.637 |            ^^^^^^^^^^^^^^^^^^^^^^^^^^^^^^^^^^^
2026-03-09 22:36:51.637 |   File "uvloop/loop.pyx", line 1518, in uvloop.loop.Loop.run_until_complete
2026-03-09 22:36:51.640 |   File "/usr/local/lib/python3.12/site-packages/uvicorn/server.py", line 69, in serve
2026-03-09 22:36:51.640 |     await self._serve(sockets)
2026-03-09 22:36:51.640 |   File "/usr/local/lib/python3.12/site-packages/uvicorn/server.py", line 76, in _serve
2026-03-09 22:36:51.640 |     config.load()
2026-03-09 22:36:51.640 |   File "/usr/local/lib/python3.12/site-packages/uvicorn/config.py", line 434, in load
2026-03-09 22:36:51.641 |     self.loaded_app = import_from_string(self.app)
2026-03-09 22:36:51.641 |                       ^^^^^^^^^^^^^^^^^^^^^^^^^^^^
2026-03-09 22:36:51.641 |   File "/usr/local/lib/python3.12/site-packages/uvicorn/importer.py", line 19, in import_from_string
2026-03-09 22:36:51.641 |     module = importlib.import_module(module_str)
2026-03-09 22:36:51.641 |              ^^^^^^^^^^^^^^^^^^^^^^^^^^^^^^^^^^^
2026-03-09 22:36:51.641 |   File "/usr/local/lib/python3.12/importlib/__init__.py", line 90, in import_module
2026-03-09 22:36:51.641 |     return _bootstrap._gcd_import(name[level:], package, level)
2026-03-09 22:36:51.641 |            ^^^^^^^^^^^^^^^^^^^^^^^^^^^^^^^^^^^^^^^^^^^^^^^^^^^^
2026-03-09 22:36:51.641 |   File "<frozen importlib._bootstrap>", line 1387, in _gcd_import
2026-03-09 22:36:51.641 |   File "<frozen importlib._bootstrap>", line 1360, in _find_and_load
2026-03-09 22:36:51.641 |   File "<frozen importlib._bootstrap>", line 1331, in _find_and_load_unlocked
2026-03-09 22:36:51.641 |   File "<frozen importlib._bootstrap>", line 935, in _load_unlocked
2026-03-09 22:36:51.641 |   File "<frozen importlib._bootstrap_external>", line 999, in exec_module
2026-03-09 22:36:51.641 |   File "<frozen importlib._bootstrap>", line 488, in _call_with_frames_removed
2026-03-09 22:36:51.641 |   File "/app/app/main.py", line 5, in <module>
2026-03-09 22:36:51.656 |     from app.api.v1 import auth, users, categories, products, sales, analytics, credits, settings as shop_settings_router, suppliers, supplier_debts
2026-03-09 22:36:51.656 |   File "/app/app/api/v1/suppliers.py", line 7, in <module>
2026-03-09 22:36:51.680 |     from app.api.v1.auth import get_current_active_user
2026-03-09 22:36:51.680 | ImportError: cannot import name 'get_current_active_user' from 'app.api.v1.auth' (/app/app/api/v1/auth.py)
2026-03-09 22:37:01.267 | INFO  [alembic.runtime.migration] Context impl PostgresqlImpl.
2026-03-09 22:37:01.267 | INFO  [alembic.runtime.migration] Will assume transactional DDL.
2026-03-09 22:37:13.562 | Traceback (most recent call last):
2026-03-09 22:37:13.562 |   File "/usr/local/bin/uvicorn", line 8, in <module>
2026-03-09 22:37:13.562 |     sys.exit(main())
2026-03-09 22:37:13.562 |              ^^^^^^
2026-03-09 22:37:13.562 |   File "/usr/local/lib/python3.12/site-packages/click/core.py", line 1485, in __call__
2026-03-09 22:37:13.562 |     return self.main(*args, **kwargs)
2026-03-09 22:37:13.563 |            ^^^^^^^^^^^^^^^^^^^^^^^^^^
2026-03-09 22:37:13.563 |   File "/usr/local/lib/python3.12/site-packages/click/core.py", line 1406, in main
2026-03-09 22:37:13.563 |     rv = self.invoke(ctx)
2026-03-09 22:37:13.563 |          ^^^^^^^^^^^^^^^^
2026-03-09 22:37:13.563 |   File "/usr/local/lib/python3.12/site-packages/click/core.py", line 1269, in invoke
2026-03-09 22:37:13.563 |     return ctx.invoke(self.callback, **ctx.params)
2026-03-09 22:37:13.563 |            ^^^^^^^^^^^^^^^^^^^^^^^^^^^^^^^^^^^^^^^
2026-03-09 22:37:13.563 |   File "/usr/local/lib/python3.12/site-packages/click/core.py", line 824, in invoke
2026-03-09 22:37:13.564 |     return callback(*args, **kwargs)
2026-03-09 22:37:13.564 |            ^^^^^^^^^^^^^^^^^^^^^^^^^
2026-03-09 22:37:13.564 |   File "/usr/local/lib/python3.12/site-packages/uvicorn/main.py", line 412, in main
2026-03-09 22:37:13.564 |     run(
2026-03-09 22:37:13.564 |   File "/usr/local/lib/python3.12/site-packages/uvicorn/main.py", line 579, in run
2026-03-09 22:37:13.564 |     server.run()
2026-03-09 22:37:13.564 |   File "/usr/local/lib/python3.12/site-packages/uvicorn/server.py", line 65, in run
2026-03-09 22:37:13.564 |     return asyncio.run(self.serve(sockets=sockets))
2026-03-09 22:37:13.564 |            ^^^^^^^^^^^^^^^^^^^^^^^^^^^^^^^^^^^^^^^^
2026-03-09 22:37:13.564 |   File "/usr/local/lib/python3.12/asyncio/runners.py", line 195, in run
2026-03-09 22:37:13.564 |     return runner.run(main)
2026-03-09 22:37:13.564 |            ^^^^^^^^^^^^^^^^
2026-03-09 22:37:13.564 |   File "/usr/local/lib/python3.12/asyncio/runners.py", line 118, in run
2026-03-09 22:37:13.564 |     return self._loop.run_until_complete(task)
2026-03-09 22:37:13.564 |            ^^^^^^^^^^^^^^^^^^^^^^^^^^^^^^^^^^^
2026-03-09 22:37:13.564 |   File "uvloop/loop.pyx", line 1518, in uvloop.loop.Loop.run_until_complete
2026-03-09 22:37:13.568 |   File "/usr/local/lib/python3.12/site-packages/uvicorn/server.py", line 69, in serve
2026-03-09 22:37:13.569 |     await self._serve(sockets)
2026-03-09 22:37:13.569 |   File "/usr/local/lib/python3.12/site-packages/uvicorn/server.py", line 76, in _serve
2026-03-09 22:37:13.569 |     config.load()
2026-03-09 22:37:13.569 |   File "/usr/local/lib/python3.12/site-packages/uvicorn/config.py", line 434, in load
2026-03-09 22:37:13.569 |     self.loaded_app = import_from_string(self.app)
2026-03-09 22:37:13.569 |                       ^^^^^^^^^^^^^^^^^^^^^^^^^^^^
2026-03-09 22:37:13.569 |   File "/usr/local/lib/python3.12/site-packages/uvicorn/importer.py", line 19, in import_from_string
2026-03-09 22:37:13.569 |     module = importlib.import_module(module_str)
2026-03-09 22:37:13.569 |              ^^^^^^^^^^^^^^^^^^^^^^^^^^^^^^^^^^^
2026-03-09 22:37:13.569 |   File "/usr/local/lib/python3.12/importlib/__init__.py", line 90, in import_module
2026-03-09 22:37:13.569 |     return _bootstrap._gcd_import(name[level:], package, level)
2026-03-09 22:37:13.569 |            ^^^^^^^^^^^^^^^^^^^^^^^^^^^^^^^^^^^^^^^^^^^^^^^^^^^^
2026-03-09 22:37:13.569 |   File "<frozen importlib._bootstrap>", line 1387, in _gcd_import
2026-03-09 22:37:13.569 |   File "<frozen importlib._bootstrap>", line 1360, in _find_and_load
2026-03-09 22:37:13.569 |   File "<frozen importlib._bootstrap>", line 1331, in _find_and_load_unlocked
2026-03-09 22:37:13.569 |   File "<frozen importlib._bootstrap>", line 935, in _load_unlocked
2026-03-09 22:37:13.569 |   File "<frozen importlib._bootstrap_external>", line 999, in exec_module
2026-03-09 22:37:13.569 |   File "<frozen importlib._bootstrap>", line 488, in _call_with_frames_removed
2026-03-09 22:37:13.569 |   File "/app/app/main.py", line 5, in <module>
2026-03-09 22:37:13.581 |     from app.api.v1 import auth, users, categories, products, sales, analytics, credits, settings as shop_settings_router, suppliers, supplier_debts
2026-03-09 22:37:13.581 |   File "/app/app/api/v1/suppliers.py", line 7, in <module>
2026-03-09 22:37:13.598 |     from app.api.v1.auth import get_current_active_user
2026-03-09 22:37:13.598 | ImportError: cannot import name 'get_current_active_user' from 'app.api.v1.auth' (/app/app/api/v1/auth.py)
2026-03-09 22:37:24.749 | INFO  [alembic.runtime.migration] Context impl PostgresqlImpl.
2026-03-09 22:37:24.749 | INFO  [alembic.runtime.migration] Will assume transactional DDL.
2026-03-09 22:37:38.890 | Traceback (most recent call last):
2026-03-09 22:37:38.890 |   File "/usr/local/bin/uvicorn", line 8, in <module>
2026-03-09 22:37:38.890 |     sys.exit(main())
2026-03-09 22:37:38.890 |              ^^^^^^
2026-03-09 22:37:38.890 |   File "/usr/local/lib/python3.12/site-packages/click/core.py", line 1485, in __call__
2026-03-09 22:37:38.890 |     return self.main(*args, **kwargs)
2026-03-09 22:37:38.890 |            ^^^^^^^^^^^^^^^^^^^^^^^^^^
2026-03-09 22:37:38.890 |   File "/usr/local/lib/python3.12/site-packages/click/core.py", line 1406, in main
2026-03-09 22:37:38.891 |     rv = self.invoke(ctx)
2026-03-09 22:37:38.891 |          ^^^^^^^^^^^^^^^^
2026-03-09 22:37:38.891 |   File "/usr/local/lib/python3.12/site-packages/click/core.py", line 1269, in invoke
2026-03-09 22:37:38.891 |     return ctx.invoke(self.callback, **ctx.params)
2026-03-09 22:37:38.891 |            ^^^^^^^^^^^^^^^^^^^^^^^^^^^^^^^^^^^^^^^
2026-03-09 22:37:38.891 |   File "/usr/local/lib/python3.12/site-packages/click/core.py", line 824, in invoke
2026-03-09 22:37:38.891 |     return callback(*args, **kwargs)
2026-03-09 22:37:38.891 |            ^^^^^^^^^^^^^^^^^^^^^^^^^
2026-03-09 22:37:38.891 |   File "/usr/local/lib/python3.12/site-packages/uvicorn/main.py", line 412, in main
2026-03-09 22:37:38.892 |     run(
2026-03-09 22:37:38.892 |   File "/usr/local/lib/python3.12/site-packages/uvicorn/main.py", line 579, in run
2026-03-09 22:37:38.892 |     server.run()
2026-03-09 22:37:38.892 |   File "/usr/local/lib/python3.12/site-packages/uvicorn/server.py", line 65, in run
2026-03-09 22:37:38.892 |     return asyncio.run(self.serve(sockets=sockets))
2026-03-09 22:37:38.892 |            ^^^^^^^^^^^^^^^^^^^^^^^^^^^^^^^^^^^^^^^^
2026-03-09 22:37:38.892 |   File "/usr/local/lib/python3.12/asyncio/runners.py", line 195, in run
2026-03-09 22:37:38.892 |     return runner.run(main)
2026-03-09 22:37:38.892 |            ^^^^^^^^^^^^^^^^
2026-03-09 22:37:38.892 |   File "/usr/local/lib/python3.12/asyncio/runners.py", line 118, in run
2026-03-09 22:37:38.893 |     return self._loop.run_until_complete(task)
2026-03-09 22:37:38.893 |            ^^^^^^^^^^^^^^^^^^^^^^^^^^^^^^^^^^^
2026-03-09 22:37:38.893 |   File "uvloop/loop.pyx", line 1518, in uvloop.loop.Loop.run_until_complete
2026-03-09 22:37:38.952 |   File "/usr/local/lib/python3.12/site-packages/uvicorn/server.py", line 69, in serve
2026-03-09 22:37:38.952 |     await self._serve(sockets)
2026-03-09 22:37:38.952 |   File "/usr/local/lib/python3.12/site-packages/uvicorn/server.py", line 76, in _serve
2026-03-09 22:37:38.952 |     config.load()
2026-03-09 22:37:38.952 |   File "/usr/local/lib/python3.12/site-packages/uvicorn/config.py", line 434, in load
2026-03-09 22:37:38.952 |     self.loaded_app = import_from_string(self.app)
2026-03-09 22:37:38.952 |                       ^^^^^^^^^^^^^^^^^^^^^^^^^^^^
2026-03-09 22:37:38.952 |   File "/usr/local/lib/python3.12/site-packages/uvicorn/importer.py", line 19, in import_from_string
2026-03-09 22:37:38.952 |     module = importlib.import_module(module_str)
2026-03-09 22:37:38.952 |              ^^^^^^^^^^^^^^^^^^^^^^^^^^^^^^^^^^^
2026-03-09 22:37:38.952 |   File "/usr/local/lib/python3.12/importlib/__init__.py", line 90, in import_module
2026-03-09 22:37:38.952 |     return _bootstrap._gcd_import(name[level:], package, level)
2026-03-09 22:37:38.952 |            ^^^^^^^^^^^^^^^^^^^^^^^^^^^^^^^^^^^^^^^^^^^^^^^^^^^^
2026-03-09 22:37:38.952 |   File "<frozen importlib._bootstrap>", line 1387, in _gcd_import
2026-03-09 22:37:38.952 |   File "<frozen importlib._bootstrap>", line 1360, in _find_and_load
2026-03-09 22:37:38.952 |   File "<frozen importlib._bootstrap>", line 1331, in _find_and_load_unlocked
2026-03-09 22:37:38.952 |   File "<frozen importlib._bootstrap>", line 935, in _load_unlocked
2026-03-09 22:37:38.952 |   File "<frozen importlib._bootstrap_external>", line 999, in exec_module
2026-03-09 22:37:38.952 |   File "<frozen importlib._bootstrap>", line 488, in _call_with_frames_removed
2026-03-09 22:37:38.952 |   File "/app/app/main.py", line 5, in <module>
2026-03-09 22:37:39.105 |     from app.api.v1 import auth, users, categories, products, sales, analytics, credits, settings as shop_settings_router, suppliers, supplier_debts
2026-03-09 22:37:39.105 |   File "/app/app/api/v1/suppliers.py", line 7, in <module>
2026-03-09 22:37:39.140 |     from app.api.v1.auth import get_current_active_user
2026-03-09 22:37:39.140 | ImportError: cannot import name 'get_current_active_user' from 'app.api.v1.auth' (/app/app/api/v1/auth.py)
2026-03-09 22:37:49.743 | INFO  [alembic.runtime.migration] Context impl PostgresqlImpl.
2026-03-09 22:37:49.743 | INFO  [alembic.runtime.migration] Will assume transactional DDL.
2026-03-09 22:38:03.573 | Traceback (most recent call last):
2026-03-09 22:38:03.573 |   File "/usr/local/bin/uvicorn", line 8, in <module>
2026-03-09 22:38:03.573 |     sys.exit(main())
2026-03-09 22:38:03.573 |              ^^^^^^
2026-03-09 22:38:03.573 |   File "/usr/local/lib/python3.12/site-packages/click/core.py", line 1485, in __call__
2026-03-09 22:38:03.573 |     return self.main(*args, **kwargs)
2026-03-09 22:38:03.573 |            ^^^^^^^^^^^^^^^^^^^^^^^^^^
2026-03-09 22:38:03.573 |   File "/usr/local/lib/python3.12/site-packages/click/core.py", line 1406, in main
2026-03-09 22:38:03.574 |     rv = self.invoke(ctx)
2026-03-09 22:38:03.574 |          ^^^^^^^^^^^^^^^^
2026-03-09 22:38:03.574 |   File "/usr/local/lib/python3.12/site-packages/click/core.py", line 1269, in invoke
2026-03-09 22:38:03.574 |     return ctx.invoke(self.callback, **ctx.params)
2026-03-09 22:38:03.574 |            ^^^^^^^^^^^^^^^^^^^^^^^^^^^^^^^^^^^^^^^
2026-03-09 22:38:03.574 |   File "/usr/local/lib/python3.12/site-packages/click/core.py", line 824, in invoke
2026-03-09 22:38:03.574 |     return callback(*args, **kwargs)
2026-03-09 22:38:03.574 |            ^^^^^^^^^^^^^^^^^^^^^^^^^
2026-03-09 22:38:03.574 |   File "/usr/local/lib/python3.12/site-packages/uvicorn/main.py", line 412, in main
2026-03-09 22:38:03.575 |     run(
2026-03-09 22:38:03.575 |   File "/usr/local/lib/python3.12/site-packages/uvicorn/main.py", line 579, in run
2026-03-09 22:38:03.575 |     server.run()
2026-03-09 22:38:03.575 |   File "/usr/local/lib/python3.12/site-packages/uvicorn/server.py", line 65, in run
2026-03-09 22:38:03.575 |     return asyncio.run(self.serve(sockets=sockets))
2026-03-09 22:38:03.575 |            ^^^^^^^^^^^^^^^^^^^^^^^^^^^^^^^^^^^^^^^^
2026-03-09 22:38:03.575 |   File "/usr/local/lib/python3.12/asyncio/runners.py", line 195, in run
2026-03-09 22:38:03.575 |     return runner.run(main)
2026-03-09 22:38:03.575 |            ^^^^^^^^^^^^^^^^
2026-03-09 22:38:03.575 |   File "/usr/local/lib/python3.12/asyncio/runners.py", line 118, in run
2026-03-09 22:38:03.575 |     return self._loop.run_until_complete(task)
2026-03-09 22:38:03.575 |            ^^^^^^^^^^^^^^^^^^^^^^^^^^^^^^^^^^^
2026-03-09 22:38:03.575 |   File "uvloop/loop.pyx", line 1518, in uvloop.loop.Loop.run_until_complete
2026-03-09 22:38:03.584 |   File "/usr/local/lib/python3.12/site-packages/uvicorn/server.py", line 69, in serve
2026-03-09 22:38:03.584 |     await self._serve(sockets)
2026-03-09 22:38:03.584 |   File "/usr/local/lib/python3.12/site-packages/uvicorn/server.py", line 76, in _serve
2026-03-09 22:38:03.584 |     config.load()
2026-03-09 22:38:03.584 |   File "/usr/local/lib/python3.12/site-packages/uvicorn/config.py", line 434, in load
2026-03-09 22:38:03.584 |     self.loaded_app = import_from_string(self.app)
2026-03-09 22:38:03.584 |                       ^^^^^^^^^^^^^^^^^^^^^^^^^^^^
2026-03-09 22:38:03.584 |   File "/usr/local/lib/python3.12/site-packages/uvicorn/importer.py", line 19, in import_from_string
2026-03-09 22:38:03.584 |     module = importlib.import_module(module_str)
2026-03-09 22:38:03.584 |              ^^^^^^^^^^^^^^^^^^^^^^^^^^^^^^^^^^^
2026-03-09 22:38:03.584 |   File "/usr/local/lib/python3.12/importlib/__init__.py", line 90, in import_module
2026-03-09 22:38:03.584 |     return _bootstrap._gcd_import(name[level:], package, level)
2026-03-09 22:38:03.584 |            ^^^^^^^^^^^^^^^^^^^^^^^^^^^^^^^^^^^^^^^^^^^^^^^^^^^^
2026-03-09 22:38:03.584 |   File "<frozen importlib._bootstrap>", line 1387, in _gcd_import
2026-03-09 22:38:03.584 |   File "<frozen importlib._bootstrap>", line 1360, in _find_and_load
2026-03-09 22:38:03.584 |   File "<frozen importlib._bootstrap>", line 1331, in _find_and_load_unlocked
2026-03-09 22:38:03.584 |   File "<frozen importlib._bootstrap>", line 935, in _load_unlocked
2026-03-09 22:38:03.584 |   File "<frozen importlib._bootstrap_external>", line 999, in exec_module
2026-03-09 22:38:03.584 |   File "<frozen importlib._bootstrap>", line 488, in _call_with_frames_removed
2026-03-09 22:38:03.584 |   File "/app/app/main.py", line 5, in <module>
2026-03-09 22:38:03.655 |     from app.api.v1 import auth, users, categories, products, sales, analytics, credits, settings as shop_settings_router, suppliers, supplier_debts
2026-03-09 22:38:03.655 |   File "/app/app/api/v1/suppliers.py", line 7, in <module>
2026-03-09 22:38:03.700 |     from app.api.v1.auth import get_current_active_user
2026-03-09 22:38:03.700 | ImportError: cannot import name 'get_current_active_user' from 'app.api.v1.auth' (/app/app/api/v1/auth.py)
2026-03-09 22:38:07.975 | INFO  [alembic.runtime.migration] Context impl PostgresqlImpl.
2026-03-09 22:38:07.975 | INFO  [alembic.runtime.migration] Will assume transactional DDL.
2026-03-09 22:38:14.012 | Traceback (most recent call last):
2026-03-09 22:38:14.012 |   File "/usr/local/bin/uvicorn", line 8, in <module>
2026-03-09 22:38:14.012 |     sys.exit(main())
2026-03-09 22:38:14.012 |              ^^^^^^
2026-03-09 22:38:14.012 |   File "/usr/local/lib/python3.12/site-packages/click/core.py", line 1485, in __call__
2026-03-09 22:38:14.012 |     return self.main(*args, **kwargs)
2026-03-09 22:38:14.012 |            ^^^^^^^^^^^^^^^^^^^^^^^^^^
2026-03-09 22:38:14.012 |   File "/usr/local/lib/python3.12/site-packages/click/core.py", line 1406, in main
2026-03-09 22:38:14.012 |     rv = self.invoke(ctx)
2026-03-09 22:38:14.012 |          ^^^^^^^^^^^^^^^^
2026-03-09 22:38:14.012 |   File "/usr/local/lib/python3.12/site-packages/click/core.py", line 1269, in invoke
2026-03-09 22:38:14.013 |     return ctx.invoke(self.callback, **ctx.params)
2026-03-09 22:38:14.013 |            ^^^^^^^^^^^^^^^^^^^^^^^^^^^^^^^^^^^^^^^
2026-03-09 22:38:14.013 |   File "/usr/local/lib/python3.12/site-packages/click/core.py", line 824, in invoke
2026-03-09 22:38:14.013 |     return callback(*args, **kwargs)
2026-03-09 22:38:14.013 |            ^^^^^^^^^^^^^^^^^^^^^^^^^
2026-03-09 22:38:14.013 |   File "/usr/local/lib/python3.12/site-packages/uvicorn/main.py", line 412, in main
2026-03-09 22:38:14.013 |     run(
2026-03-09 22:38:14.013 |   File "/usr/local/lib/python3.12/site-packages/uvicorn/main.py", line 579, in run
2026-03-09 22:38:14.013 |     server.run()
2026-03-09 22:38:14.014 |   File "/usr/local/lib/python3.12/site-packages/uvicorn/server.py", line 65, in run
2026-03-09 22:38:14.014 |     return asyncio.run(self.serve(sockets=sockets))
2026-03-09 22:38:14.014 |            ^^^^^^^^^^^^^^^^^^^^^^^^^^^^^^^^^^^^^^^^
2026-03-09 22:38:14.014 |   File "/usr/local/lib/python3.12/asyncio/runners.py", line 195, in run
2026-03-09 22:38:14.014 |     return runner.run(main)
2026-03-09 22:38:14.014 |            ^^^^^^^^^^^^^^^^
2026-03-09 22:38:14.016 |   File "/usr/local/lib/python3.12/asyncio/runners.py", line 118, in run
2026-03-09 22:38:14.016 |     return self._loop.run_until_complete(task)
2026-03-09 22:38:14.016 |            ^^^^^^^^^^^^^^^^^^^^^^^^^^^^^^^^^^^
2026-03-09 22:38:14.016 |   File "uvloop/loop.pyx", line 1518, in uvloop.loop.Loop.run_until_complete
2026-03-09 22:38:14.020 |   File "/usr/local/lib/python3.12/site-packages/uvicorn/server.py", line 69, in serve
2026-03-09 22:38:14.020 |     await self._serve(sockets)
2026-03-09 22:38:14.020 |   File "/usr/local/lib/python3.12/site-packages/uvicorn/server.py", line 76, in _serve
2026-03-09 22:38:14.020 |     config.load()
2026-03-09 22:38:14.023 |   File "/usr/local/lib/python3.12/site-packages/uvicorn/config.py", line 434, in load
2026-03-09 22:38:14.023 |     self.loaded_app = import_from_string(self.app)
2026-03-09 22:38:14.023 |                       ^^^^^^^^^^^^^^^^^^^^^^^^^^^^
2026-03-09 22:38:14.023 |   File "/usr/local/lib/python3.12/site-packages/uvicorn/importer.py", line 19, in import_from_string
2026-03-09 22:38:14.023 |     module = importlib.import_module(module_str)
2026-03-09 22:38:14.023 |              ^^^^^^^^^^^^^^^^^^^^^^^^^^^^^^^^^^^
2026-03-09 22:38:14.023 |   File "/usr/local/lib/python3.12/importlib/__init__.py", line 90, in import_module
2026-03-09 22:38:14.027 |     return _bootstrap._gcd_import(name[level:], package, level)
2026-03-09 22:38:14.027 |            ^^^^^^^^^^^^^^^^^^^^^^^^^^^^^^^^^^^^^^^^^^^^^^^^^^^^
2026-03-09 22:38:14.027 |   File "<frozen importlib._bootstrap>", line 1387, in _gcd_import
2026-03-09 22:38:14.027 |   File "<frozen importlib._bootstrap>", line 1360, in _find_and_load
2026-03-09 22:38:14.027 |   File "<frozen importlib._bootstrap>", line 1331, in _find_and_load_unlocked
2026-03-09 22:38:14.027 |   File "<frozen importlib._bootstrap>", line 935, in _load_unlocked
2026-03-09 22:38:14.027 |   File "<frozen importlib._bootstrap_external>", line 999, in exec_module
2026-03-09 22:38:14.027 |   File "<frozen importlib._bootstrap>", line 488, in _call_with_frames_removed
2026-03-09 22:38:14.027 |   File "/app/app/main.py", line 5, in <module>
2026-03-09 22:38:14.102 |     from app.api.v1 import auth, users, categories, products, sales, analytics, credits, settings as shop_settings_router, suppliers, supplier_debts
2026-03-09 22:38:14.102 |   File "/app/app/api/v1/suppliers.py", line 7, in <module>
2026-03-09 22:38:14.187 |     from app.api.v1.auth import get_current_active_user
2026-03-09 22:38:14.187 | ImportError: cannot import name 'get_current_active_user' from 'app.api.v1.auth' (/app/app/api/v1/auth.py)
2026-03-09 22:38:19.640 | INFO  [alembic.runtime.migration] Context impl PostgresqlImpl.
2026-03-09 22:38:19.647 | INFO  [alembic.runtime.migration] Will assume transactional DDL.
2026-03-09 22:38:26.918 | Traceback (most recent call last):
2026-03-09 22:38:26.918 |   File "/usr/local/bin/uvicorn", line 8, in <module>
2026-03-09 22:38:26.918 |     sys.exit(main())
2026-03-09 22:38:26.919 |              ^^^^^^
2026-03-09 22:38:26.919 |   File "/usr/local/lib/python3.12/site-packages/click/core.py", line 1485, in __call__
2026-03-09 22:38:26.920 |     return self.main(*args, **kwargs)
2026-03-09 22:38:26.920 |            ^^^^^^^^^^^^^^^^^^^^^^^^^^
2026-03-09 22:38:26.920 |   File "/usr/local/lib/python3.12/site-packages/click/core.py", line 1406, in main
2026-03-09 22:38:26.920 |     rv = self.invoke(ctx)
2026-03-09 22:38:26.920 |          ^^^^^^^^^^^^^^^^
2026-03-09 22:38:26.920 |   File "/usr/local/lib/python3.12/site-packages/click/core.py", line 1269, in invoke
2026-03-09 22:38:26.920 |     return ctx.invoke(self.callback, **ctx.params)
2026-03-09 22:38:26.920 |            ^^^^^^^^^^^^^^^^^^^^^^^^^^^^^^^^^^^^^^^
2026-03-09 22:38:26.920 |   File "/usr/local/lib/python3.12/site-packages/click/core.py", line 824, in invoke
2026-03-09 22:38:26.921 |     return callback(*args, **kwargs)
2026-03-09 22:38:26.921 |            ^^^^^^^^^^^^^^^^^^^^^^^^^
2026-03-09 22:38:26.921 |   File "/usr/local/lib/python3.12/site-packages/uvicorn/main.py", line 412, in main
2026-03-09 22:38:26.921 |     run(
2026-03-09 22:38:26.921 |   File "/usr/local/lib/python3.12/site-packages/uvicorn/main.py", line 579, in run
2026-03-09 22:38:26.923 |     server.run()
2026-03-09 22:38:26.923 |   File "/usr/local/lib/python3.12/site-packages/uvicorn/server.py", line 65, in run
2026-03-09 22:38:26.923 |     return asyncio.run(self.serve(sockets=sockets))
2026-03-09 22:38:26.923 |            ^^^^^^^^^^^^^^^^^^^^^^^^^^^^^^^^^^^^^^^^
2026-03-09 22:38:26.923 |   File "/usr/local/lib/python3.12/asyncio/runners.py", line 195, in run
2026-03-09 22:38:26.923 |     return runner.run(main)
2026-03-09 22:38:26.923 |            ^^^^^^^^^^^^^^^^
2026-03-09 22:38:26.923 |   File "/usr/local/lib/python3.12/asyncio/runners.py", line 118, in run
2026-03-09 22:38:26.923 |     return self._loop.run_until_complete(task)
2026-03-09 22:38:26.923 |            ^^^^^^^^^^^^^^^^^^^^^^^^^^^^^^^^^^^
2026-03-09 22:38:26.923 |   File "uvloop/loop.pyx", line 1518, in uvloop.loop.Loop.run_until_complete
2026-03-09 22:38:26.934 |   File "/usr/local/lib/python3.12/site-packages/uvicorn/server.py", line 69, in serve
2026-03-09 22:38:26.934 |     await self._serve(sockets)
2026-03-09 22:38:26.934 |   File "/usr/local/lib/python3.12/site-packages/uvicorn/server.py", line 76, in _serve
2026-03-09 22:38:26.934 |     config.load()
2026-03-09 22:38:26.934 |   File "/usr/local/lib/python3.12/site-packages/uvicorn/config.py", line 434, in load
2026-03-09 22:38:26.935 |     self.loaded_app = import_from_string(self.app)
2026-03-09 22:38:26.935 |                       ^^^^^^^^^^^^^^^^^^^^^^^^^^^^
2026-03-09 22:38:26.935 |   File "/usr/local/lib/python3.12/site-packages/uvicorn/importer.py", line 19, in import_from_string
2026-03-09 22:38:26.935 |     module = importlib.import_module(module_str)
2026-03-09 22:38:26.936 |              ^^^^^^^^^^^^^^^^^^^^^^^^^^^^^^^^^^^
2026-03-09 22:38:26.936 |   File "/usr/local/lib/python3.12/importlib/__init__.py", line 90, in import_module
2026-03-09 22:38:26.936 |     return _bootstrap._gcd_import(name[level:], package, level)
2026-03-09 22:38:26.936 |            ^^^^^^^^^^^^^^^^^^^^^^^^^^^^^^^^^^^^^^^^^^^^^^^^^^^^
2026-03-09 22:38:26.936 |   File "<frozen importlib._bootstrap>", line 1387, in _gcd_import
2026-03-09 22:38:26.936 |   File "<frozen importlib._bootstrap>", line 1360, in _find_and_load
2026-03-09 22:38:26.936 |   File "<frozen importlib._bootstrap>", line 1331, in _find_and_load_unlocked
2026-03-09 22:38:26.936 |   File "<frozen importlib._bootstrap>", line 935, in _load_unlocked
2026-03-09 22:38:26.936 |   File "<frozen importlib._bootstrap_external>", line 999, in exec_module
2026-03-09 22:38:26.936 |   File "<frozen importlib._bootstrap>", line 488, in _call_with_frames_removed
2026-03-09 22:38:26.936 |   File "/app/app/main.py", line 5, in <module>
2026-03-09 22:38:26.943 |     from app.api.v1 import auth, users, categories, products, sales, analytics, credits, settings as shop_settings_router, suppliers, supplier_debts
2026-03-09 22:38:26.943 |   File "/app/app/api/v1/suppliers.py", line 7, in <module>
2026-03-09 22:38:26.949 |     from app.api.v1.auth import get_current_active_user
2026-03-09 22:38:26.950 | ImportError: cannot import name 'get_current_active_user' from 'app.api.v1.auth' (/app/app/api/v1/auth.py)
2026-03-09 22:38:37.576 | INFO  [alembic.runtime.migration] Context impl PostgresqlImpl.
2026-03-09 22:38:37.576 | INFO  [alembic.runtime.migration] Will assume transactional DDL.
2026-03-09 22:38:44.928 | Traceback (most recent call last):
2026-03-09 22:38:44.928 |   File "/usr/local/bin/uvicorn", line 8, in <module>
2026-03-09 22:38:44.928 |     sys.exit(main())
2026-03-09 22:38:44.928 |              ^^^^^^
2026-03-09 22:38:44.928 |   File "/usr/local/lib/python3.12/site-packages/click/core.py", line 1485, in __call__
2026-03-09 22:38:44.939 |     return self.main(*args, **kwargs)
2026-03-09 22:38:44.939 |            ^^^^^^^^^^^^^^^^^^^^^^^^^^
2026-03-09 22:38:44.939 |   File "/usr/local/lib/python3.12/site-packages/click/core.py", line 1406, in main
2026-03-09 22:38:44.939 |     rv = self.invoke(ctx)
2026-03-09 22:38:44.939 |          ^^^^^^^^^^^^^^^^
2026-03-09 22:38:44.939 |   File "/usr/local/lib/python3.12/site-packages/click/core.py", line 1269, in invoke
2026-03-09 22:38:44.939 |     return ctx.invoke(self.callback, **ctx.params)
2026-03-09 22:38:44.939 |            ^^^^^^^^^^^^^^^^^^^^^^^^^^^^^^^^^^^^^^^
2026-03-09 22:38:44.939 |   File "/usr/local/lib/python3.12/site-packages/click/core.py", line 824, in invoke
2026-03-09 22:38:44.939 |     return callback(*args, **kwargs)
2026-03-09 22:38:44.939 |            ^^^^^^^^^^^^^^^^^^^^^^^^^
2026-03-09 22:38:44.939 |   File "/usr/local/lib/python3.12/site-packages/uvicorn/main.py", line 412, in main
2026-03-09 22:38:44.939 |     run(
2026-03-09 22:38:44.939 |   File "/usr/local/lib/python3.12/site-packages/uvicorn/main.py", line 579, in run
2026-03-09 22:38:44.939 |     server.run()
2026-03-09 22:38:44.939 |   File "/usr/local/lib/python3.12/site-packages/uvicorn/server.py", line 65, in run
2026-03-09 22:38:44.939 |     return asyncio.run(self.serve(sockets=sockets))
2026-03-09 22:38:44.939 |            ^^^^^^^^^^^^^^^^^^^^^^^^^^^^^^^^^^^^^^^^
2026-03-09 22:38:44.939 |   File "/usr/local/lib/python3.12/asyncio/runners.py", line 195, in run
2026-03-09 22:38:44.939 |     return runner.run(main)
2026-03-09 22:38:44.939 |            ^^^^^^^^^^^^^^^^
2026-03-09 22:38:44.939 |   File "/usr/local/lib/python3.12/asyncio/runners.py", line 118, in run
2026-03-09 22:38:44.939 |     return self._loop.run_until_complete(task)
2026-03-09 22:38:44.939 |            ^^^^^^^^^^^^^^^^^^^^^^^^^^^^^^^^^^^
2026-03-09 22:38:44.939 |   File "uvloop/loop.pyx", line 1518, in uvloop.loop.Loop.run_until_complete
2026-03-09 22:38:44.945 |   File "/usr/local/lib/python3.12/site-packages/uvicorn/server.py", line 69, in serve
2026-03-09 22:38:44.945 |     await self._serve(sockets)
2026-03-09 22:38:44.945 |   File "/usr/local/lib/python3.12/site-packages/uvicorn/server.py", line 76, in _serve
2026-03-09 22:38:44.945 |     config.load()
2026-03-09 22:38:44.945 |   File "/usr/local/lib/python3.12/site-packages/uvicorn/config.py", line 434, in load
2026-03-09 22:38:44.945 |     self.loaded_app = import_from_string(self.app)
2026-03-09 22:38:44.945 |                       ^^^^^^^^^^^^^^^^^^^^^^^^^^^^
2026-03-09 22:38:44.945 |   File "/usr/local/lib/python3.12/site-packages/uvicorn/importer.py", line 19, in import_from_string
2026-03-09 22:38:44.945 |     module = importlib.import_module(module_str)
2026-03-09 22:38:44.945 |              ^^^^^^^^^^^^^^^^^^^^^^^^^^^^^^^^^^^
2026-03-09 22:38:44.945 |   File "/usr/local/lib/python3.12/importlib/__init__.py", line 90, in import_module
2026-03-09 22:38:44.945 |     return _bootstrap._gcd_import(name[level:], package, level)
2026-03-09 22:38:44.945 |            ^^^^^^^^^^^^^^^^^^^^^^^^^^^^^^^^^^^^^^^^^^^^^^^^^^^^
2026-03-09 22:38:44.945 |   File "<frozen importlib._bootstrap>", line 1387, in _gcd_import
2026-03-09 22:38:44.945 |   File "<frozen importlib._bootstrap>", line 1360, in _find_and_load
2026-03-09 22:38:44.945 |   File "<frozen importlib._bootstrap>", line 1331, in _find_and_load_unlocked
2026-03-09 22:38:44.945 |   File "<frozen importlib._bootstrap>", line 935, in _load_unlocked
2026-03-09 22:38:44.945 |   File "<frozen importlib._bootstrap_external>", line 999, in exec_module
2026-03-09 22:38:44.945 |   File "<frozen importlib._bootstrap>", line 488, in _call_with_frames_removed
2026-03-09 22:38:44.945 |   File "/app/app/main.py", line 5, in <module>
2026-03-09 22:38:44.992 |     from app.api.v1 import auth, users, categories, products, sales, analytics, credits, settings as shop_settings_router, suppliers, supplier_debts
2026-03-09 22:38:44.992 |   File "/app/app/api/v1/suppliers.py", line 7, in <module>
2026-03-09 22:38:45.004 |     from app.api.v1.auth import get_current_active_user
2026-03-09 22:38:45.004 | ImportError: cannot import name 'get_current_active_user' from 'app.api.v1.auth' (/app/app/api/v1/auth.py)
2026-03-09 22:38:50.408 | INFO  [alembic.runtime.migration] Context impl PostgresqlImpl.
2026-03-09 22:38:50.408 | INFO  [alembic.runtime.migration] Will assume transactional DDL.
2026-03-09 22:38:57.456 | Traceback (most recent call last):
2026-03-09 22:38:57.456 |   File "/usr/local/bin/uvicorn", line 8, in <module>
2026-03-09 22:38:57.456 |     sys.exit(main())
2026-03-09 22:38:57.456 |              ^^^^^^
2026-03-09 22:38:57.456 |   File "/usr/local/lib/python3.12/site-packages/click/core.py", line 1485, in __call__
2026-03-09 22:38:57.457 |     return self.main(*args, **kwargs)
2026-03-09 22:38:57.457 |            ^^^^^^^^^^^^^^^^^^^^^^^^^^
2026-03-09 22:38:57.457 |   File "/usr/local/lib/python3.12/site-packages/click/core.py", line 1406, in main
2026-03-09 22:38:57.457 |     rv = self.invoke(ctx)
2026-03-09 22:38:57.457 |          ^^^^^^^^^^^^^^^^
2026-03-09 22:38:57.458 |   File "/usr/local/lib/python3.12/site-packages/click/core.py", line 1269, in invoke
2026-03-09 22:38:57.458 |     return ctx.invoke(self.callback, **ctx.params)
2026-03-09 22:38:57.460 |            ^^^^^^^^^^^^^^^^^^^^^^^^^^^^^^^^^^^^^^^
2026-03-09 22:38:57.460 |   File "/usr/local/lib/python3.12/site-packages/click/core.py", line 824, in invoke
2026-03-09 22:38:57.460 |     return callback(*args, **kwargs)
2026-03-09 22:38:57.460 |            ^^^^^^^^^^^^^^^^^^^^^^^^^
2026-03-09 22:38:57.460 |   File "/usr/local/lib/python3.12/site-packages/uvicorn/main.py", line 412, in main
2026-03-09 22:38:57.460 |     run(
2026-03-09 22:38:57.460 |   File "/usr/local/lib/python3.12/site-packages/uvicorn/main.py", line 579, in run
2026-03-09 22:38:57.460 |     server.run()
2026-03-09 22:38:57.460 |   File "/usr/local/lib/python3.12/site-packages/uvicorn/server.py", line 65, in run
2026-03-09 22:38:57.460 |     return asyncio.run(self.serve(sockets=sockets))
2026-03-09 22:38:57.460 |            ^^^^^^^^^^^^^^^^^^^^^^^^^^^^^^^^^^^^^^^^
2026-03-09 22:38:57.460 |   File "/usr/local/lib/python3.12/asyncio/runners.py", line 195, in run
2026-03-09 22:38:57.460 |     return runner.run(main)
2026-03-09 22:38:57.460 |            ^^^^^^^^^^^^^^^^
2026-03-09 22:38:57.460 |   File "/usr/local/lib/python3.12/asyncio/runners.py", line 118, in run
2026-03-09 22:38:57.460 |     return self._loop.run_until_complete(task)
2026-03-09 22:38:57.460 |            ^^^^^^^^^^^^^^^^^^^^^^^^^^^^^^^^^^^
2026-03-09 22:38:57.460 |   File "uvloop/loop.pyx", line 1518, in uvloop.loop.Loop.run_until_complete
2026-03-09 22:38:57.478 |   File "/usr/local/lib/python3.12/site-packages/uvicorn/server.py", line 69, in serve
2026-03-09 22:38:57.478 |     await self._serve(sockets)
2026-03-09 22:38:57.478 |   File "/usr/local/lib/python3.12/site-packages/uvicorn/server.py", line 76, in _serve
2026-03-09 22:38:57.479 |     config.load()
2026-03-09 22:38:57.479 |   File "/usr/local/lib/python3.12/site-packages/uvicorn/config.py", line 434, in load
2026-03-09 22:38:57.479 |     self.loaded_app = import_from_string(self.app)
2026-03-09 22:38:57.479 |                       ^^^^^^^^^^^^^^^^^^^^^^^^^^^^
2026-03-09 22:38:57.479 |   File "/usr/local/lib/python3.12/site-packages/uvicorn/importer.py", line 19, in import_from_string
2026-03-09 22:38:57.480 |     module = importlib.import_module(module_str)
2026-03-09 22:38:57.480 |              ^^^^^^^^^^^^^^^^^^^^^^^^^^^^^^^^^^^
2026-03-09 22:38:57.480 |   File "/usr/local/lib/python3.12/importlib/__init__.py", line 90, in import_module
2026-03-09 22:38:57.480 |     return _bootstrap._gcd_import(name[level:], package, level)
2026-03-09 22:38:57.480 |            ^^^^^^^^^^^^^^^^^^^^^^^^^^^^^^^^^^^^^^^^^^^^^^^^^^^^
2026-03-09 22:38:57.480 |   File "<frozen importlib._bootstrap>", line 1387, in _gcd_import
2026-03-09 22:38:57.480 |   File "<frozen importlib._bootstrap>", line 1360, in _find_and_load
2026-03-09 22:38:57.480 |   File "<frozen importlib._bootstrap>", line 1331, in _find_and_load_unlocked
2026-03-09 22:38:57.480 |   File "<frozen importlib._bootstrap>", line 935, in _load_unlocked
2026-03-09 22:38:57.480 |   File "<frozen importlib._bootstrap_external>", line 999, in exec_module
2026-03-09 22:38:57.480 |   File "<frozen importlib._bootstrap>", line 488, in _call_with_frames_removed
2026-03-09 22:38:57.480 |   File "/app/app/main.py", line 5, in <module>
2026-03-09 22:38:57.507 |     from app.api.v1 import auth, users, categories, products, sales, analytics, credits, settings as shop_settings_router, suppliers, supplier_debts
2026-03-09 22:38:57.508 |   File "/app/app/api/v1/suppliers.py", line 7, in <module>
2026-03-09 22:38:57.519 |     from app.api.v1.auth import get_current_active_user
2026-03-09 22:38:57.519 | ImportError: cannot import name 'get_current_active_user' from 'app.api.v1.auth' (/app/app/api/v1/auth.py)
2026-03-09 22:39:02.756 | INFO  [alembic.runtime.migration] Context impl PostgresqlImpl.
2026-03-09 22:39:02.757 | INFO  [alembic.runtime.migration] Will assume transactional DDL.
2026-03-09 22:39:28.116 | Traceback (most recent call last):
2026-03-09 22:39:28.116 |   File "/usr/local/bin/uvicorn", line 8, in <module>
2026-03-09 22:39:28.119 |     sys.exit(main())
2026-03-09 22:39:28.119 |              ^^^^^^
2026-03-09 22:39:28.119 |   File "/usr/local/lib/python3.12/site-packages/click/core.py", line 1485, in __call__
2026-03-09 22:39:28.119 |     return self.main(*args, **kwargs)
2026-03-09 22:39:28.119 |            ^^^^^^^^^^^^^^^^^^^^^^^^^^
2026-03-09 22:39:28.119 |   File "/usr/local/lib/python3.12/site-packages/click/core.py", line 1406, in main
2026-03-09 22:39:28.119 |     rv = self.invoke(ctx)
2026-03-09 22:39:28.119 |          ^^^^^^^^^^^^^^^^
2026-03-09 22:39:28.119 |   File "/usr/local/lib/python3.12/site-packages/click/core.py", line 1269, in invoke
2026-03-09 22:39:28.119 |     return ctx.invoke(self.callback, **ctx.params)
2026-03-09 22:39:28.119 |            ^^^^^^^^^^^^^^^^^^^^^^^^^^^^^^^^^^^^^^^
2026-03-09 22:39:28.119 |   File "/usr/local/lib/python3.12/site-packages/click/core.py", line 824, in invoke
2026-03-09 22:39:28.119 |     return callback(*args, **kwargs)
2026-03-09 22:39:28.119 |            ^^^^^^^^^^^^^^^^^^^^^^^^^
2026-03-09 22:39:28.119 |   File "/usr/local/lib/python3.12/site-packages/uvicorn/main.py", line 412, in main
2026-03-09 22:39:28.124 |     run(
2026-03-09 22:39:28.124 |   File "/usr/local/lib/python3.12/site-packages/uvicorn/main.py", line 579, in run
2026-03-09 22:39:28.124 |     server.run()
2026-03-09 22:39:28.124 |   File "/usr/local/lib/python3.12/site-packages/uvicorn/server.py", line 65, in run
2026-03-09 22:39:28.124 |     return asyncio.run(self.serve(sockets=sockets))
2026-03-09 22:39:28.124 |            ^^^^^^^^^^^^^^^^^^^^^^^^^^^^^^^^^^^^^^^^
2026-03-09 22:39:28.124 |   File "/usr/local/lib/python3.12/asyncio/runners.py", line 195, in run
2026-03-09 22:39:28.124 |     return runner.run(main)
2026-03-09 22:39:28.124 |            ^^^^^^^^^^^^^^^^
2026-03-09 22:39:28.124 |   File "/usr/local/lib/python3.12/asyncio/runners.py", line 118, in run
2026-03-09 22:39:28.124 |     return self._loop.run_until_complete(task)
2026-03-09 22:39:28.124 |            ^^^^^^^^^^^^^^^^^^^^^^^^^^^^^^^^^^^
2026-03-09 22:39:28.124 |   File "uvloop/loop.pyx", line 1518, in uvloop.loop.Loop.run_until_complete
2026-03-09 22:39:28.174 |   File "/usr/local/lib/python3.12/site-packages/uvicorn/server.py", line 69, in serve
2026-03-09 22:39:28.174 |     await self._serve(sockets)
2026-03-09 22:39:28.174 |   File "/usr/local/lib/python3.12/site-packages/uvicorn/server.py", line 76, in _serve
2026-03-09 22:39:28.174 |     config.load()
2026-03-09 22:39:28.174 |   File "/usr/local/lib/python3.12/site-packages/uvicorn/config.py", line 434, in load
2026-03-09 22:39:28.174 |     self.loaded_app = import_from_string(self.app)
2026-03-09 22:39:28.174 |                       ^^^^^^^^^^^^^^^^^^^^^^^^^^^^
2026-03-09 22:39:28.174 |   File "/usr/local/lib/python3.12/site-packages/uvicorn/importer.py", line 19, in import_from_string
2026-03-09 22:39:28.174 |     module = importlib.import_module(module_str)
2026-03-09 22:39:28.174 |              ^^^^^^^^^^^^^^^^^^^^^^^^^^^^^^^^^^^
2026-03-09 22:39:28.174 |   File "/usr/local/lib/python3.12/importlib/__init__.py", line 90, in import_module
2026-03-09 22:39:28.174 |     return _bootstrap._gcd_import(name[level:], package, level)
2026-03-09 22:39:28.174 |            ^^^^^^^^^^^^^^^^^^^^^^^^^^^^^^^^^^^^^^^^^^^^^^^^^^^^
2026-03-09 22:39:28.174 |   File "<frozen importlib._bootstrap>", line 1387, in _gcd_import
2026-03-09 22:39:28.174 |   File "<frozen importlib._bootstrap>", line 1360, in _find_and_load
2026-03-09 22:39:28.174 |   File "<frozen importlib._bootstrap>", line 1331, in _find_and_load_unlocked
2026-03-09 22:39:28.174 |   File "<frozen importlib._bootstrap>", line 935, in _load_unlocked
2026-03-09 22:39:28.174 |   File "<frozen importlib._bootstrap_external>", line 999, in exec_module
2026-03-09 22:39:28.174 |   File "<frozen importlib._bootstrap>", line 488, in _call_with_frames_removed
2026-03-09 22:39:28.174 |   File "/app/app/main.py", line 5, in <module>
2026-03-09 22:39:28.365 |     from app.api.v1 import auth, users, categories, products, sales, analytics, credits, settings as shop_settings_router, suppliers, supplier_debts
2026-03-09 22:39:28.365 |   File "/app/app/api/v1/suppliers.py", line 7, in <module>
2026-03-09 22:39:28.825 |     from app.api.v1.auth import get_current_active_user
2026-03-09 22:39:28.825 | ImportError: cannot import name 'get_current_active_user' from 'app.api.v1.auth' (/app/app/api/v1/auth.py)
2026-03-09 22:39:42.129 | INFO  [alembic.runtime.migration] Context impl PostgresqlImpl.
2026-03-09 22:39:42.130 | INFO  [alembic.runtime.migration] Will assume transactional DDL.
2026-03-09 22:39:59.214 | Traceback (most recent call last):
2026-03-09 22:39:59.214 |   File "/usr/local/bin/uvicorn", line 8, in <module>
2026-03-09 22:39:59.216 |     sys.exit(main())
2026-03-09 22:39:59.216 |              ^^^^^^
2026-03-09 22:39:59.216 |   File "/usr/local/lib/python3.12/site-packages/click/core.py", line 1485, in __call__
2026-03-09 22:39:59.216 |     return self.main(*args, **kwargs)
2026-03-09 22:39:59.216 |            ^^^^^^^^^^^^^^^^^^^^^^^^^^
2026-03-09 22:39:59.216 |   File "/usr/local/lib/python3.12/site-packages/click/core.py", line 1406, in main
2026-03-09 22:39:59.216 |     rv = self.invoke(ctx)
2026-03-09 22:39:59.216 |          ^^^^^^^^^^^^^^^^
2026-03-09 22:39:59.216 |   File "/usr/local/lib/python3.12/site-packages/click/core.py", line 1269, in invoke
2026-03-09 22:39:59.216 |     return ctx.invoke(self.callback, **ctx.params)
2026-03-09 22:39:59.216 |            ^^^^^^^^^^^^^^^^^^^^^^^^^^^^^^^^^^^^^^^
2026-03-09 22:39:59.216 |   File "/usr/local/lib/python3.12/site-packages/click/core.py", line 824, in invoke
2026-03-09 22:39:59.216 |     return callback(*args, **kwargs)
2026-03-09 22:39:59.216 |            ^^^^^^^^^^^^^^^^^^^^^^^^^
2026-03-09 22:39:59.216 |   File "/usr/local/lib/python3.12/site-packages/uvicorn/main.py", line 412, in main
2026-03-09 22:39:59.216 |     run(
2026-03-09 22:39:59.216 |   File "/usr/local/lib/python3.12/site-packages/uvicorn/main.py", line 579, in run
2026-03-09 22:39:59.216 |     server.run()
2026-03-09 22:39:59.216 |   File "/usr/local/lib/python3.12/site-packages/uvicorn/server.py", line 65, in run
2026-03-09 22:39:59.216 |     return asyncio.run(self.serve(sockets=sockets))
2026-03-09 22:39:59.216 |            ^^^^^^^^^^^^^^^^^^^^^^^^^^^^^^^^^^^^^^^^
2026-03-09 22:39:59.216 |   File "/usr/local/lib/python3.12/asyncio/runners.py", line 195, in run
2026-03-09 22:39:59.216 |     return runner.run(main)
2026-03-09 22:39:59.216 |            ^^^^^^^^^^^^^^^^
2026-03-09 22:39:59.216 |   File "/usr/local/lib/python3.12/asyncio/runners.py", line 118, in run
2026-03-09 22:39:59.216 |     return self._loop.run_until_complete(task)
2026-03-09 22:39:59.216 |            ^^^^^^^^^^^^^^^^^^^^^^^^^^^^^^^^^^^
2026-03-09 22:39:59.216 |   File "uvloop/loop.pyx", line 1518, in uvloop.loop.Loop.run_until_complete
2026-03-09 22:39:59.222 |   File "/usr/local/lib/python3.12/site-packages/uvicorn/server.py", line 69, in serve
2026-03-09 22:39:59.222 |     await self._serve(sockets)
2026-03-09 22:39:59.222 |   File "/usr/local/lib/python3.12/site-packages/uvicorn/server.py", line 76, in _serve
2026-03-09 22:39:59.222 |     config.load()
2026-03-09 22:39:59.222 |   File "/usr/local/lib/python3.12/site-packages/uvicorn/config.py", line 434, in load
2026-03-09 22:39:59.222 |     self.loaded_app = import_from_string(self.app)
2026-03-09 22:39:59.222 |                       ^^^^^^^^^^^^^^^^^^^^^^^^^^^^
2026-03-09 22:39:59.222 |   File "/usr/local/lib/python3.12/site-packages/uvicorn/importer.py", line 19, in import_from_string
2026-03-09 22:39:59.222 |     module = importlib.import_module(module_str)
2026-03-09 22:39:59.222 |              ^^^^^^^^^^^^^^^^^^^^^^^^^^^^^^^^^^^
2026-03-09 22:39:59.222 |   File "/usr/local/lib/python3.12/importlib/__init__.py", line 90, in import_module
2026-03-09 22:39:59.222 |     return _bootstrap._gcd_import(name[level:], package, level)
2026-03-09 22:39:59.222 |            ^^^^^^^^^^^^^^^^^^^^^^^^^^^^^^^^^^^^^^^^^^^^^^^^^^^^
2026-03-09 22:39:59.222 |   File "<frozen importlib._bootstrap>", line 1387, in _gcd_import
2026-03-09 22:39:59.222 |   File "<frozen importlib._bootstrap>", line 1360, in _find_and_load
2026-03-09 22:39:59.222 |   File "<frozen importlib._bootstrap>", line 1331, in _find_and_load_unlocked
2026-03-09 22:39:59.222 |   File "<frozen importlib._bootstrap>", line 935, in _load_unlocked
2026-03-09 22:39:59.222 |   File "<frozen importlib._bootstrap_external>", line 999, in exec_module
2026-03-09 22:39:59.222 |   File "<frozen importlib._bootstrap>", line 488, in _call_with_frames_removed
2026-03-09 22:39:59.222 |   File "/app/app/main.py", line 5, in <module>
2026-03-09 22:39:59.239 |     from app.api.v1 import auth, users, categories, products, sales, analytics, credits, settings as shop_settings_router, suppliers, supplier_debts
2026-03-09 22:39:59.239 |   File "/app/app/api/v1/suppliers.py", line 7, in <module>
2026-03-09 22:39:59.301 |     from app.api.v1.auth import get_current_active_user
2026-03-09 22:39:59.301 | ImportError: cannot import name 'get_current_active_user' from 'app.api.v1.auth' (/app/app/api/v1/auth.py)
2026-03-09 22:40:05.133 | INFO  [alembic.runtime.migration] Context impl PostgresqlImpl.
2026-03-09 22:40:05.133 | INFO  [alembic.runtime.migration] Will assume transactional DDL.